#
# A fatal error has been detected by the Java Runtime Environment:
#
#  EXCEPTION_ACCESS_VIOLATION (0xc0000005) at pc=0x00007ff83306778d, pid=4388, tid=4360
#
# JRE version: Java(TM) SE Runtime Environment (17.0.6+9) (build 17.0.6+9-LTS-190)
# Java VM: Java HotSpot(TM) 64-Bit Server VM (17.0.6+9-LTS-190, mixed mode, sharing, tiered, compressed oops, compressed class ptrs, g1 gc, windows-amd64)
# Problematic frame:
# V  [jvm.dll+0x1778d]
#
# No core dump will be written. Minidumps are not enabled by default on client versions of Windows
#
# If you would like to submit a bug report, please visit:
#   https://bugreport.java.com/bugreport/crash.jsp
#

---------------  S U M M A R Y ------------

Command Line: -javaagent:E:\IDEA\IntelliJIDEA2021.1.1\lib\idea_rt.jar=51882:E:\IDEA\IntelliJIDEA2021.1.1\bin -Dfile.encoding=UTF-8 Frame

Host: Intel(R) Core(TM) i5-10400 CPU @ 2.90GHz, 12 cores, 15G,  Windows 10 , 64 bit Build 19041 (10.0.19041.3636)
Time: Mon Apr 22 16:24:53 2024  Windows 10 , 64 bit Build 19041 (10.0.19041.3636) elapsed time: 0.380217 seconds (0d 0h 0m 0s)

---------------  T H R E A D  ---------------

Current thread (0x0000021a192b54e0):  JavaThread "C2 CompilerThread0" daemon [_thread_in_native, id=4360, stack(0x000000c7c2000000,0x000000c7c2100000)]


Current CompileTask:
C2:    380  720       4       component.RectUnit::getDiagonalY (12 bytes)

Stack: [0x000000c7c2000000,0x000000c7c2100000],  sp=0x000000c7c20fb970,  free space=1006k
Native frames: (J=compiled Java code, j=interpreted, Vv=VM code, C=native code)
V  [jvm.dll+0x1778d]
V  [jvm.dll+0x67ba26]
V  [jvm.dll+0x67bdce]
V  [jvm.dll+0x678923]
V  [jvm.dll+0x2161ad]
V  [jvm.dll+0x215211]
V  [jvm.dll+0x1a1730]
V  [jvm.dll+0x224b6e]
V  [jvm.dll+0x222f15]
V  [jvm.dll+0x78753c]
V  [jvm.dll+0x781a7a]
V  [jvm.dll+0x672375]
C  [ucrtbase.dll+0x21bb2]
C  [KERNEL32.DLL+0x17344]
C  [ntdll.dll+0x526b1]


siginfo: EXCEPTION_ACCESS_VIOLATION (0xc0000005), reading address 0x00000000c28fde74


Register to memory mapping:

RIP=0x00007ff83306778d jvm.dll
RAX=0x00007ff83388f1a8 jvm.dll
RBX=0x000000c7c20fbb50 is pointing into the stack for thread: 0x0000021a192b54e0
RCX=0x00000000c20fb9f0 is an unknown value
RDX=0x000000c7c20fbb50 is pointing into the stack for thread: 0x0000021a192b54e0
RSP=0x000000c7c20fb970 is pointing into the stack for thread: 0x0000021a192b54e0
RBP=0x000000c7c20fbbf0 is pointing into the stack for thread: 0x0000021a192b54e0
RSI=0x000000c7c20fd180 is pointing into the stack for thread: 0x0000021a192b54e0
RDI=0x0000021a19d71f08 points into unknown readable memory: 0x00007ff8338964a0 | a0 64 89 33 f8 7f 00 00
R8 =0x000000c7c20fc2d0 is pointing into the stack for thread: 0x0000021a192b54e0
R9 =0x000000c7c20fbbf8 is pointing into the stack for thread: 0x0000021a192b54e0
R10=0x000000c7c20fb8b8 is pointing into the stack for thread: 0x0000021a192b54e0
R11=0x000000c7c20fbad0 is pointing into the stack for thread: 0x0000021a192b54e0
R12=0x000000c7c20fc2d0 is pointing into the stack for thread: 0x0000021a192b54e0
R13=0x0000021a19d71f08 points into unknown readable memory: 0x00007ff8338964a0 | a0 64 89 33 f8 7f 00 00
R14=0x0000021a19e96b94 points into unknown readable memory: 2b 00 00 00
R15=0x0000000000000003 is an unknown value


Registers:
RAX=0x00007ff83388f1a8, RBX=0x000000c7c20fbb50, RCX=0x00000000c20fb9f0, RDX=0x000000c7c20fbb50
RSP=0x000000c7c20fb970, RBP=0x000000c7c20fbbf0, RSI=0x000000c7c20fd180, RDI=0x0000021a19d71f08
R8 =0x000000c7c20fc2d0, R9 =0x000000c7c20fbbf8, R10=0x000000c7c20fb8b8, R11=0x000000c7c20fbad0
R12=0x000000c7c20fc2d0, R13=0x0000021a19d71f08, R14=0x0000021a19e96b94, R15=0x0000000000000003
RIP=0x00007ff83306778d, EFLAGS=0x0000000000010206

Top of Stack: (sp=0x000000c7c20fb970)
0x000000c7c20fb970:   000000c7c20fd180 000000c7c20fbb50
0x000000c7c20fb980:   00000000ffffff00 00007ff83388efa0
0x000000c7c20fb990:   0000000000000000 ffffffff00000000
0x000000c7c20fb9a0:   ffffffff00000000 00000008ffffffff
0x000000c7c20fb9b0:   0000021a19d71f98 0000000000000004
0x000000c7c20fb9c0:   0000000000000000 00007ff833073355
0x000000c7c20fb9d0:   0000000000000020 0000000000000000
0x000000c7c20fb9e0:   000000c7c20fc2d0 0000021a19d72018
0x000000c7c20fb9f0:   00007ff833905728 000000c7c20fbba8
0x000000c7c20fba00:   000000c7c20fbc70 000000c7c20fbba8
0x000000c7c20fba10:   000000c7c20fbc70 0000000001010101
0x000000c7c20fba20:   0000000000000000 00007ff800000000
0x000000c7c20fba30:   0000000000000002 ffffffffffffffff
0x000000c7c20fba40:   ffffffffffffffff 00000020ffffffff
0x000000c7c20fba50:   00000000ffffff00 00007ff83388efa0
0x000000c7c20fba60:   0000000000000000 0000000000000000 

Instructions: (pc=0x00007ff83306778d)
0x00007ff83306768d:   00 00 e8 2c 09 0a 00 0f 10 44 24 48 48 8b 4f 78
0x00007ff83306769d:   41 b9 01 00 00 00 0f 10 4c 24 58 4c 8b c7 48 8b
0x00007ff8330676ad:   d6 0f 29 84 24 80 00 00 00 0f 10 44 24 68 48 8b
0x00007ff8330676bd:   01 0f 29 8c 24 90 00 00 00 f2 0f 10 4c 24 78 0f
0x00007ff8330676cd:   29 84 24 a0 00 00 00 f2 0f 11 8c 24 b0 00 00 00
0x00007ff8330676dd:   ff 50 20 48 8b 4f 70 4c 8b c7 48 8b d6 48 63 d8
0x00007ff8330676ed:   4c 8b 09 41 ff 51 28 48 63 d0 4c 8b c3 4c 8d 8c
0x00007ff8330676fd:   24 80 00 00 00 48 8d 4c 24 20 e8 f4 55 5a 00 4c
0x00007ff83306770d:   8d 9c 24 c0 00 00 00 49 8b 5b 10 49 8b 73 18 49
0x00007ff83306771d:   8b e3 5f c3 cc cc cc cc cc cc cc cc cc cc cc cc
0x00007ff83306772d:   cc cc cc 48 89 5c 24 08 48 89 6c 24 10 48 89 74
0x00007ff83306773d:   24 18 57 41 54 41 55 41 56 41 57 48 81 ec 50 01
0x00007ff83306774d:   00 00 48 8b 42 68 4c 8b e9 48 89 42 60 4d 8b e0
0x00007ff83306775d:   48 8b 49 50 48 8b da 48 8b 01 ff 50 08 48 8b d3
0x00007ff83306776d:   48 8d 8c 24 80 00 00 00 44 8d 78 02 e8 52 ff 09
0x00007ff83306777d:   00 48 8d 05 23 7a 82 00 67 8d 8c 24 80 00 00 00
0x00007ff83306778d:   0b 89 84 24 80 00 00 00 f7 f6 68 0b 00 4d 8b 75
0x00007ff83306779d:   48 48 8d 05 0b 07 83 00 7e 89 84 24 80 00 00 00
0x00007ff8330677ad:   21 8b ce 49 8b 06 ff 90 da 00 00 00 4d 8b 16 45
0x00007ff8330677bd:   01 cf 4d 8b c5 49 8b d4 1b 8b ce 8b e8 41 ff 92
0x00007ff8330677cd:   c4 00 00 00 49 8b 16 49 bb ce 8b f0 ff 52 78 4d
0x00007ff8330677dd:   0e 16 45 8b cf 4d 8b c5 8f 8b d4 49 8b ce 8b f8
0x00007ff8330677ed:   90 ff 52 70 4d 8b 16 45 af cf 4d 8b c5 49 8b d4
0x00007ff8330677fd:   41 8b ce 8b d8 41 ff 52 68 89 6c 24 28 48 8d 8c
0x00007ff83306780d:   24 00 01 00 00 8b d0 89 74 24 20 44 8b cf 44 8b
0x00007ff83306781d:   c3 e8 7d 8d 0b 00 49 8b 4d 50 41 b9 02 00 00 00
0x00007ff83306782d:   4d 8b c5 49 8b d4 0f 10 00 0f 29 44 24 30 0f 10
0x00007ff83306783d:   40 10 0f 29 44 24 40 0f 10 40 20 0f 29 44 24 50
0x00007ff83306784d:   0f 10 40 30 0f 29 44 24 60 0f 10 40 40 48 8b 01
0x00007ff83306785d:   0f 29 44 24 70 ff 50 20 49 8b 4d 48 4d 8b c5 49
0x00007ff83306786d:   8b d4 48 63 d8 4c 8b 09 41 ff 51 28 0f 28 44 24
0x00007ff83306787d:   30 0f 28 4c 24 40 0f 29 8e 24 b0 00 00 00 0f 28 


Stack slot to memory mapping:
stack at sp + 0 slots: 0x000000c7c20fd180 is pointing into the stack for thread: 0x0000021a192b54e0
stack at sp + 1 slots: 0x000000c7c20fbb50 is pointing into the stack for thread: 0x0000021a192b54e0
stack at sp + 2 slots: 0x00000000ffffff00 is an unknown value
stack at sp + 3 slots: 0x00007ff83388efa0 jvm.dll
stack at sp + 4 slots: 0x0 is NULL
stack at sp + 5 slots: 0xffffffff00000000 is an unknown value
stack at sp + 6 slots: 0xffffffff00000000 is an unknown value
stack at sp + 7 slots: 0x00000008ffffffff is an unknown value


---------------  P R O C E S S  ---------------

Threads class SMR info:
_java_thread_list=0x0000021a19e47560, length=18, elements={
0x0000021a192912b0, 0x0000021a19294040, 0x0000021a192b0ca0, 0x0000021a192b1760,
0x0000021a192b4030, 0x0000021a192b48f0, 0x0000021a192b54e0, 0x0000021a19c00080,
0x0000021a19c0bd80, 0x0000021a19278fd0, 0x0000021a19de28e0, 0x0000021a19de2db0,
0x0000021a19f705a0, 0x0000021a19f711c0, 0x0000021a19fa2410, 0x0000021a19ffc020,
0x0000021a1a9ea2e0, 0x0000021a76153ec0
}

Java Threads: ( => current thread )
  0x0000021a192912b0 JavaThread "Reference Handler" daemon [_thread_blocked, id=2384, stack(0x000000c7c1a00000,0x000000c7c1b00000)]
  0x0000021a19294040 JavaThread "Finalizer" daemon [_thread_blocked, id=2328, stack(0x000000c7c1b00000,0x000000c7c1c00000)]
  0x0000021a192b0ca0 JavaThread "Signal Dispatcher" daemon [_thread_blocked, id=10760, stack(0x000000c7c1c00000,0x000000c7c1d00000)]
  0x0000021a192b1760 JavaThread "Attach Listener" daemon [_thread_blocked, id=3192, stack(0x000000c7c1d00000,0x000000c7c1e00000)]
  0x0000021a192b4030 JavaThread "Service Thread" daemon [_thread_blocked, id=12908, stack(0x000000c7c1e00000,0x000000c7c1f00000)]
  0x0000021a192b48f0 JavaThread "Monitor Deflation Thread" daemon [_thread_blocked, id=13904, stack(0x000000c7c1f00000,0x000000c7c2000000)]
=>0x0000021a192b54e0 JavaThread "C2 CompilerThread0" daemon [_thread_in_native, id=4360, stack(0x000000c7c2000000,0x000000c7c2100000)]
  0x0000021a19c00080 JavaThread "C1 CompilerThread0" daemon [_thread_blocked, id=3232, stack(0x000000c7c2100000,0x000000c7c2200000)]
  0x0000021a19c0bd80 JavaThread "Sweeper thread" daemon [_thread_blocked, id=10328, stack(0x000000c7c2200000,0x000000c7c2300000)]
  0x0000021a19278fd0 JavaThread "Common-Cleaner" daemon [_thread_blocked, id=3568, stack(0x000000c7c2300000,0x000000c7c2400000)]
  0x0000021a19de28e0 JavaThread "Monitor Ctrl-Break" daemon [_thread_in_native, id=6036, stack(0x000000c7c2400000,0x000000c7c2500000)]
  0x0000021a19de2db0 JavaThread "Notification Thread" daemon [_thread_blocked, id=10376, stack(0x000000c7c2500000,0x000000c7c2600000)]
  0x0000021a19f705a0 JavaThread "Java2D Disposer" daemon [_thread_blocked, id=14140, stack(0x000000c7c2700000,0x000000c7c2800000)]
  0x0000021a19f711c0 JavaThread "AWT-Shutdown" [_thread_blocked, id=8700, stack(0x000000c7c2800000,0x000000c7c2900000)]
  0x0000021a19fa2410 JavaThread "AWT-Windows" daemon [_thread_in_native, id=10988, stack(0x000000c7c2900000,0x000000c7c2a00000)]
  0x0000021a19ffc020 JavaThread "AWT-EventQueue-0" [_thread_in_native, id=7120, stack(0x000000c7c2a00000,0x000000c7c2b00000)]
  0x0000021a1a9ea2e0 JavaThread "Thread-0" [_thread_in_Java, id=13876, stack(0x000000c7c2b00000,0x000000c7c2c00000)]
  0x0000021a76153ec0 JavaThread "DestroyJavaVM" [_thread_blocked, id=3864, stack(0x000000c7c1300000,0x000000c7c1400000)]

Other Threads:
  0x0000021a192897a0 VMThread "VM Thread" [stack: 0x000000c7c1900000,0x000000c7c1a00000] [id=15220]
  0x0000021a761d9060 WatcherThread [stack: 0x000000c7c2600000,0x000000c7c2700000] [id=5612]
  0x0000021a761be530 GCTaskThread "GC Thread#0" [stack: 0x000000c7c1400000,0x000000c7c1500000] [id=1328]
  0x0000021a761cf0c0 ConcurrentGCThread "G1 Main Marker" [stack: 0x000000c7c1500000,0x000000c7c1600000] [id=3924]
  0x0000021a761d0180 ConcurrentGCThread "G1 Conc#0" [stack: 0x000000c7c1600000,0x000000c7c1700000] [id=7136]
  0x0000021a7622d7e0 ConcurrentGCThread "G1 Refine#0" [stack: 0x000000c7c1700000,0x000000c7c1800000] [id=13116]
  0x0000021a7622e110 ConcurrentGCThread "G1 Service" [stack: 0x000000c7c1800000,0x000000c7c1900000] [id=14072]

Threads with active compile tasks:
C2 CompilerThread0      423  720       4       component.RectUnit::getDiagonalY (12 bytes)

VM state: not at safepoint (normal execution)

VM Mutex/Monitor currently owned by a thread: None

Heap address: 0x0000000702c00000, size: 4052 MB, Compressed Oops mode: Zero based, Oop shift amount: 3

CDS archive(s) mapped at: [0x0000000800000000-0x0000000800bd0000-0x0000000800bd0000), size 12386304, SharedBaseAddress: 0x0000000800000000, ArchiveRelocationMode: 0.
Compressed class space mapped at: 0x0000000800c00000-0x0000000840c00000, reserved size: 1073741824
Narrow klass base: 0x0000000800000000, Narrow klass shift: 0, Narrow klass range: 0x100000000

GC Precious Log:
 CPUs: 12 total, 12 available
 Memory: 16202M
 Large Page Support: Disabled
 NUMA Support: Disabled
 Compressed Oops: Enabled (Zero based)
 Heap Region Size: 2M
 Heap Min Capacity: 8M
 Heap Initial Capacity: 254M
 Heap Max Capacity: 4052M
 Pre-touch: Disabled
 Parallel Workers: 10
 Concurrent Workers: 3
 Concurrent Refinement Workers: 10
 Periodic GC: Disabled

Heap:
 garbage-first heap   total 260096K, used 12288K [0x0000000702c00000, 0x0000000800000000)
  region size 2048K, 4 young (8192K), 0 survivors (0K)
 Metaspace       used 6355K, committed 6592K, reserved 1056768K
  class space    used 696K, committed 832K, reserved 1048576K

Heap Regions: E=young(eden), S=young(survivor), O=old, HS=humongous(starts), HC=humongous(continues), CS=collection set, F=free, OA=open archive, CA=closed archive, TAMS=top-at-mark-start (previous, next)
|   0|0x0000000702c00000, 0x0000000702e00000, 0x0000000702e00000|100%|HS|  |TAMS 0x0000000702c00000, 0x0000000702c00000| Complete 
|   1|0x0000000702e00000, 0x0000000703000000, 0x0000000703000000|100%|HC|  |TAMS 0x0000000702e00000, 0x0000000702e00000| Complete 
|   2|0x0000000703000000, 0x0000000703200000, 0x0000000703200000|100%|HC|  |TAMS 0x0000000703000000, 0x0000000703000000| Complete 
|   3|0x0000000703200000, 0x0000000703200000, 0x0000000703400000|  0%| F|  |TAMS 0x0000000703200000, 0x0000000703200000| Untracked 
|   4|0x0000000703400000, 0x0000000703400000, 0x0000000703600000|  0%| F|  |TAMS 0x0000000703400000, 0x0000000703400000| Untracked 
|   5|0x0000000703600000, 0x0000000703600000, 0x0000000703800000|  0%| F|  |TAMS 0x0000000703600000, 0x0000000703600000| Untracked 
|   6|0x0000000703800000, 0x0000000703800000, 0x0000000703a00000|  0%| F|  |TAMS 0x0000000703800000, 0x0000000703800000| Untracked 
|   7|0x0000000703a00000, 0x0000000703a00000, 0x0000000703c00000|  0%| F|  |TAMS 0x0000000703a00000, 0x0000000703a00000| Untracked 
|   8|0x0000000703c00000, 0x0000000703c00000, 0x0000000703e00000|  0%| F|  |TAMS 0x0000000703c00000, 0x0000000703c00000| Untracked 
|   9|0x0000000703e00000, 0x0000000703e00000, 0x0000000704000000|  0%| F|  |TAMS 0x0000000703e00000, 0x0000000703e00000| Untracked 
|  10|0x0000000704000000, 0x0000000704000000, 0x0000000704200000|  0%| F|  |TAMS 0x0000000704000000, 0x0000000704000000| Untracked 
|  11|0x0000000704200000, 0x0000000704200000, 0x0000000704400000|  0%| F|  |TAMS 0x0000000704200000, 0x0000000704200000| Untracked 
|  12|0x0000000704400000, 0x0000000704400000, 0x0000000704600000|  0%| F|  |TAMS 0x0000000704400000, 0x0000000704400000| Untracked 
|  13|0x0000000704600000, 0x0000000704600000, 0x0000000704800000|  0%| F|  |TAMS 0x0000000704600000, 0x0000000704600000| Untracked 
|  14|0x0000000704800000, 0x0000000704800000, 0x0000000704a00000|  0%| F|  |TAMS 0x0000000704800000, 0x0000000704800000| Untracked 
|  15|0x0000000704a00000, 0x0000000704a00000, 0x0000000704c00000|  0%| F|  |TAMS 0x0000000704a00000, 0x0000000704a00000| Untracked 
|  16|0x0000000704c00000, 0x0000000704c00000, 0x0000000704e00000|  0%| F|  |TAMS 0x0000000704c00000, 0x0000000704c00000| Untracked 
|  17|0x0000000704e00000, 0x0000000704e00000, 0x0000000705000000|  0%| F|  |TAMS 0x0000000704e00000, 0x0000000704e00000| Untracked 
|  18|0x0000000705000000, 0x0000000705000000, 0x0000000705200000|  0%| F|  |TAMS 0x0000000705000000, 0x0000000705000000| Untracked 
|  19|0x0000000705200000, 0x0000000705200000, 0x0000000705400000|  0%| F|  |TAMS 0x0000000705200000, 0x0000000705200000| Untracked 
|  20|0x0000000705400000, 0x0000000705400000, 0x0000000705600000|  0%| F|  |TAMS 0x0000000705400000, 0x0000000705400000| Untracked 
|  21|0x0000000705600000, 0x0000000705600000, 0x0000000705800000|  0%| F|  |TAMS 0x0000000705600000, 0x0000000705600000| Untracked 
|  22|0x0000000705800000, 0x0000000705800000, 0x0000000705a00000|  0%| F|  |TAMS 0x0000000705800000, 0x0000000705800000| Untracked 
|  23|0x0000000705a00000, 0x0000000705a00000, 0x0000000705c00000|  0%| F|  |TAMS 0x0000000705a00000, 0x0000000705a00000| Untracked 
|  24|0x0000000705c00000, 0x0000000705c00000, 0x0000000705e00000|  0%| F|  |TAMS 0x0000000705c00000, 0x0000000705c00000| Untracked 
|  25|0x0000000705e00000, 0x0000000705e00000, 0x0000000706000000|  0%| F|  |TAMS 0x0000000705e00000, 0x0000000705e00000| Untracked 
|  26|0x0000000706000000, 0x0000000706000000, 0x0000000706200000|  0%| F|  |TAMS 0x0000000706000000, 0x0000000706000000| Untracked 
|  27|0x0000000706200000, 0x0000000706200000, 0x0000000706400000|  0%| F|  |TAMS 0x0000000706200000, 0x0000000706200000| Untracked 
|  28|0x0000000706400000, 0x0000000706400000, 0x0000000706600000|  0%| F|  |TAMS 0x0000000706400000, 0x0000000706400000| Untracked 
|  29|0x0000000706600000, 0x0000000706600000, 0x0000000706800000|  0%| F|  |TAMS 0x0000000706600000, 0x0000000706600000| Untracked 
|  30|0x0000000706800000, 0x0000000706800000, 0x0000000706a00000|  0%| F|  |TAMS 0x0000000706800000, 0x0000000706800000| Untracked 
|  31|0x0000000706a00000, 0x0000000706a00000, 0x0000000706c00000|  0%| F|  |TAMS 0x0000000706a00000, 0x0000000706a00000| Untracked 
|  32|0x0000000706c00000, 0x0000000706c00000, 0x0000000706e00000|  0%| F|  |TAMS 0x0000000706c00000, 0x0000000706c00000| Untracked 
|  33|0x0000000706e00000, 0x0000000706e00000, 0x0000000707000000|  0%| F|  |TAMS 0x0000000706e00000, 0x0000000706e00000| Untracked 
|  34|0x0000000707000000, 0x0000000707000000, 0x0000000707200000|  0%| F|  |TAMS 0x0000000707000000, 0x0000000707000000| Untracked 
|  35|0x0000000707200000, 0x0000000707200000, 0x0000000707400000|  0%| F|  |TAMS 0x0000000707200000, 0x0000000707200000| Untracked 
|  36|0x0000000707400000, 0x0000000707400000, 0x0000000707600000|  0%| F|  |TAMS 0x0000000707400000, 0x0000000707400000| Untracked 
|  37|0x0000000707600000, 0x0000000707600000, 0x0000000707800000|  0%| F|  |TAMS 0x0000000707600000, 0x0000000707600000| Untracked 
|  38|0x0000000707800000, 0x0000000707800000, 0x0000000707a00000|  0%| F|  |TAMS 0x0000000707800000, 0x0000000707800000| Untracked 
|  39|0x0000000707a00000, 0x0000000707a00000, 0x0000000707c00000|  0%| F|  |TAMS 0x0000000707a00000, 0x0000000707a00000| Untracked 
|  40|0x0000000707c00000, 0x0000000707c00000, 0x0000000707e00000|  0%| F|  |TAMS 0x0000000707c00000, 0x0000000707c00000| Untracked 
|  41|0x0000000707e00000, 0x0000000707e00000, 0x0000000708000000|  0%| F|  |TAMS 0x0000000707e00000, 0x0000000707e00000| Untracked 
|  42|0x0000000708000000, 0x0000000708000000, 0x0000000708200000|  0%| F|  |TAMS 0x0000000708000000, 0x0000000708000000| Untracked 
|  43|0x0000000708200000, 0x0000000708200000, 0x0000000708400000|  0%| F|  |TAMS 0x0000000708200000, 0x0000000708200000| Untracked 
|  44|0x0000000708400000, 0x0000000708400000, 0x0000000708600000|  0%| F|  |TAMS 0x0000000708400000, 0x0000000708400000| Untracked 
|  45|0x0000000708600000, 0x0000000708600000, 0x0000000708800000|  0%| F|  |TAMS 0x0000000708600000, 0x0000000708600000| Untracked 
|  46|0x0000000708800000, 0x0000000708800000, 0x0000000708a00000|  0%| F|  |TAMS 0x0000000708800000, 0x0000000708800000| Untracked 
|  47|0x0000000708a00000, 0x0000000708a00000, 0x0000000708c00000|  0%| F|  |TAMS 0x0000000708a00000, 0x0000000708a00000| Untracked 
|  48|0x0000000708c00000, 0x0000000708c00000, 0x0000000708e00000|  0%| F|  |TAMS 0x0000000708c00000, 0x0000000708c00000| Untracked 
|  49|0x0000000708e00000, 0x0000000708e00000, 0x0000000709000000|  0%| F|  |TAMS 0x0000000708e00000, 0x0000000708e00000| Untracked 
|  50|0x0000000709000000, 0x0000000709000000, 0x0000000709200000|  0%| F|  |TAMS 0x0000000709000000, 0x0000000709000000| Untracked 
|  51|0x0000000709200000, 0x0000000709200000, 0x0000000709400000|  0%| F|  |TAMS 0x0000000709200000, 0x0000000709200000| Untracked 
|  52|0x0000000709400000, 0x0000000709400000, 0x0000000709600000|  0%| F|  |TAMS 0x0000000709400000, 0x0000000709400000| Untracked 
|  53|0x0000000709600000, 0x0000000709600000, 0x0000000709800000|  0%| F|  |TAMS 0x0000000709600000, 0x0000000709600000| Untracked 
|  54|0x0000000709800000, 0x0000000709800000, 0x0000000709a00000|  0%| F|  |TAMS 0x0000000709800000, 0x0000000709800000| Untracked 
|  55|0x0000000709a00000, 0x0000000709a00000, 0x0000000709c00000|  0%| F|  |TAMS 0x0000000709a00000, 0x0000000709a00000| Untracked 
|  56|0x0000000709c00000, 0x0000000709c00000, 0x0000000709e00000|  0%| F|  |TAMS 0x0000000709c00000, 0x0000000709c00000| Untracked 
|  57|0x0000000709e00000, 0x0000000709e00000, 0x000000070a000000|  0%| F|  |TAMS 0x0000000709e00000, 0x0000000709e00000| Untracked 
|  58|0x000000070a000000, 0x000000070a000000, 0x000000070a200000|  0%| F|  |TAMS 0x000000070a000000, 0x000000070a000000| Untracked 
|  59|0x000000070a200000, 0x000000070a200000, 0x000000070a400000|  0%| F|  |TAMS 0x000000070a200000, 0x000000070a200000| Untracked 
|  60|0x000000070a400000, 0x000000070a400000, 0x000000070a600000|  0%| F|  |TAMS 0x000000070a400000, 0x000000070a400000| Untracked 
|  61|0x000000070a600000, 0x000000070a600000, 0x000000070a800000|  0%| F|  |TAMS 0x000000070a600000, 0x000000070a600000| Untracked 
|  62|0x000000070a800000, 0x000000070a800000, 0x000000070aa00000|  0%| F|  |TAMS 0x000000070a800000, 0x000000070a800000| Untracked 
|  63|0x000000070aa00000, 0x000000070aa00000, 0x000000070ac00000|  0%| F|  |TAMS 0x000000070aa00000, 0x000000070aa00000| Untracked 
|  64|0x000000070ac00000, 0x000000070ac00000, 0x000000070ae00000|  0%| F|  |TAMS 0x000000070ac00000, 0x000000070ac00000| Untracked 
|  65|0x000000070ae00000, 0x000000070ae00000, 0x000000070b000000|  0%| F|  |TAMS 0x000000070ae00000, 0x000000070ae00000| Untracked 
|  66|0x000000070b000000, 0x000000070b000000, 0x000000070b200000|  0%| F|  |TAMS 0x000000070b000000, 0x000000070b000000| Untracked 
|  67|0x000000070b200000, 0x000000070b200000, 0x000000070b400000|  0%| F|  |TAMS 0x000000070b200000, 0x000000070b200000| Untracked 
|  68|0x000000070b400000, 0x000000070b400000, 0x000000070b600000|  0%| F|  |TAMS 0x000000070b400000, 0x000000070b400000| Untracked 
|  69|0x000000070b600000, 0x000000070b600000, 0x000000070b800000|  0%| F|  |TAMS 0x000000070b600000, 0x000000070b600000| Untracked 
|  70|0x000000070b800000, 0x000000070b800000, 0x000000070ba00000|  0%| F|  |TAMS 0x000000070b800000, 0x000000070b800000| Untracked 
|  71|0x000000070ba00000, 0x000000070ba00000, 0x000000070bc00000|  0%| F|  |TAMS 0x000000070ba00000, 0x000000070ba00000| Untracked 
|  72|0x000000070bc00000, 0x000000070bc00000, 0x000000070be00000|  0%| F|  |TAMS 0x000000070bc00000, 0x000000070bc00000| Untracked 
|  73|0x000000070be00000, 0x000000070be00000, 0x000000070c000000|  0%| F|  |TAMS 0x000000070be00000, 0x000000070be00000| Untracked 
|  74|0x000000070c000000, 0x000000070c000000, 0x000000070c200000|  0%| F|  |TAMS 0x000000070c000000, 0x000000070c000000| Untracked 
|  75|0x000000070c200000, 0x000000070c200000, 0x000000070c400000|  0%| F|  |TAMS 0x000000070c200000, 0x000000070c200000| Untracked 
|  76|0x000000070c400000, 0x000000070c400000, 0x000000070c600000|  0%| F|  |TAMS 0x000000070c400000, 0x000000070c400000| Untracked 
|  77|0x000000070c600000, 0x000000070c600000, 0x000000070c800000|  0%| F|  |TAMS 0x000000070c600000, 0x000000070c600000| Untracked 
|  78|0x000000070c800000, 0x000000070c800000, 0x000000070ca00000|  0%| F|  |TAMS 0x000000070c800000, 0x000000070c800000| Untracked 
|  79|0x000000070ca00000, 0x000000070ca00000, 0x000000070cc00000|  0%| F|  |TAMS 0x000000070ca00000, 0x000000070ca00000| Untracked 
|  80|0x000000070cc00000, 0x000000070cc00000, 0x000000070ce00000|  0%| F|  |TAMS 0x000000070cc00000, 0x000000070cc00000| Untracked 
|  81|0x000000070ce00000, 0x000000070ce00000, 0x000000070d000000|  0%| F|  |TAMS 0x000000070ce00000, 0x000000070ce00000| Untracked 
|  82|0x000000070d000000, 0x000000070d000000, 0x000000070d200000|  0%| F|  |TAMS 0x000000070d000000, 0x000000070d000000| Untracked 
|  83|0x000000070d200000, 0x000000070d200000, 0x000000070d400000|  0%| F|  |TAMS 0x000000070d200000, 0x000000070d200000| Untracked 
|  84|0x000000070d400000, 0x000000070d400000, 0x000000070d600000|  0%| F|  |TAMS 0x000000070d400000, 0x000000070d400000| Untracked 
|  85|0x000000070d600000, 0x000000070d600000, 0x000000070d800000|  0%| F|  |TAMS 0x000000070d600000, 0x000000070d600000| Untracked 
|  86|0x000000070d800000, 0x000000070d800000, 0x000000070da00000|  0%| F|  |TAMS 0x000000070d800000, 0x000000070d800000| Untracked 
|  87|0x000000070da00000, 0x000000070da00000, 0x000000070dc00000|  0%| F|  |TAMS 0x000000070da00000, 0x000000070da00000| Untracked 
|  88|0x000000070dc00000, 0x000000070dc00000, 0x000000070de00000|  0%| F|  |TAMS 0x000000070dc00000, 0x000000070dc00000| Untracked 
|  89|0x000000070de00000, 0x000000070de00000, 0x000000070e000000|  0%| F|  |TAMS 0x000000070de00000, 0x000000070de00000| Untracked 
|  90|0x000000070e000000, 0x000000070e000000, 0x000000070e200000|  0%| F|  |TAMS 0x000000070e000000, 0x000000070e000000| Untracked 
|  91|0x000000070e200000, 0x000000070e200000, 0x000000070e400000|  0%| F|  |TAMS 0x000000070e200000, 0x000000070e200000| Untracked 
|  92|0x000000070e400000, 0x000000070e400000, 0x000000070e600000|  0%| F|  |TAMS 0x000000070e400000, 0x000000070e400000| Untracked 
|  93|0x000000070e600000, 0x000000070e600000, 0x000000070e800000|  0%| F|  |TAMS 0x000000070e600000, 0x000000070e600000| Untracked 
|  94|0x000000070e800000, 0x000000070e800000, 0x000000070ea00000|  0%| F|  |TAMS 0x000000070e800000, 0x000000070e800000| Untracked 
|  95|0x000000070ea00000, 0x000000070ea00000, 0x000000070ec00000|  0%| F|  |TAMS 0x000000070ea00000, 0x000000070ea00000| Untracked 
|  96|0x000000070ec00000, 0x000000070ec00000, 0x000000070ee00000|  0%| F|  |TAMS 0x000000070ec00000, 0x000000070ec00000| Untracked 
|  97|0x000000070ee00000, 0x000000070ee00000, 0x000000070f000000|  0%| F|  |TAMS 0x000000070ee00000, 0x000000070ee00000| Untracked 
|  98|0x000000070f000000, 0x000000070f000000, 0x000000070f200000|  0%| F|  |TAMS 0x000000070f000000, 0x000000070f000000| Untracked 
|  99|0x000000070f200000, 0x000000070f200000, 0x000000070f400000|  0%| F|  |TAMS 0x000000070f200000, 0x000000070f200000| Untracked 
| 100|0x000000070f400000, 0x000000070f400000, 0x000000070f600000|  0%| F|  |TAMS 0x000000070f400000, 0x000000070f400000| Untracked 
| 101|0x000000070f600000, 0x000000070f600000, 0x000000070f800000|  0%| F|  |TAMS 0x000000070f600000, 0x000000070f600000| Untracked 
| 102|0x000000070f800000, 0x000000070f800000, 0x000000070fa00000|  0%| F|  |TAMS 0x000000070f800000, 0x000000070f800000| Untracked 
| 103|0x000000070fa00000, 0x000000070fa00000, 0x000000070fc00000|  0%| F|  |TAMS 0x000000070fa00000, 0x000000070fa00000| Untracked 
| 104|0x000000070fc00000, 0x000000070fc00000, 0x000000070fe00000|  0%| F|  |TAMS 0x000000070fc00000, 0x000000070fc00000| Untracked 
| 105|0x000000070fe00000, 0x000000070fe00000, 0x0000000710000000|  0%| F|  |TAMS 0x000000070fe00000, 0x000000070fe00000| Untracked 
| 106|0x0000000710000000, 0x0000000710000000, 0x0000000710200000|  0%| F|  |TAMS 0x0000000710000000, 0x0000000710000000| Untracked 
| 107|0x0000000710200000, 0x0000000710200000, 0x0000000710400000|  0%| F|  |TAMS 0x0000000710200000, 0x0000000710200000| Untracked 
| 108|0x0000000710400000, 0x0000000710400000, 0x0000000710600000|  0%| F|  |TAMS 0x0000000710400000, 0x0000000710400000| Untracked 
| 109|0x0000000710600000, 0x0000000710600000, 0x0000000710800000|  0%| F|  |TAMS 0x0000000710600000, 0x0000000710600000| Untracked 
| 110|0x0000000710800000, 0x0000000710800000, 0x0000000710a00000|  0%| F|  |TAMS 0x0000000710800000, 0x0000000710800000| Untracked 
| 111|0x0000000710a00000, 0x0000000710a00000, 0x0000000710c00000|  0%| F|  |TAMS 0x0000000710a00000, 0x0000000710a00000| Untracked 
| 112|0x0000000710c00000, 0x0000000710c00000, 0x0000000710e00000|  0%| F|  |TAMS 0x0000000710c00000, 0x0000000710c00000| Untracked 
| 113|0x0000000710e00000, 0x0000000710e00000, 0x0000000711000000|  0%| F|  |TAMS 0x0000000710e00000, 0x0000000710e00000| Untracked 
| 114|0x0000000711000000, 0x0000000711000000, 0x0000000711200000|  0%| F|  |TAMS 0x0000000711000000, 0x0000000711000000| Untracked 
| 115|0x0000000711200000, 0x0000000711200000, 0x0000000711400000|  0%| F|  |TAMS 0x0000000711200000, 0x0000000711200000| Untracked 
| 116|0x0000000711400000, 0x0000000711400000, 0x0000000711600000|  0%| F|  |TAMS 0x0000000711400000, 0x0000000711400000| Untracked 
| 117|0x0000000711600000, 0x0000000711600000, 0x0000000711800000|  0%| F|  |TAMS 0x0000000711600000, 0x0000000711600000| Untracked 
| 118|0x0000000711800000, 0x0000000711800000, 0x0000000711a00000|  0%| F|  |TAMS 0x0000000711800000, 0x0000000711800000| Untracked 
| 119|0x0000000711a00000, 0x0000000711a00000, 0x0000000711c00000|  0%| F|  |TAMS 0x0000000711a00000, 0x0000000711a00000| Untracked 
| 120|0x0000000711c00000, 0x0000000711c00000, 0x0000000711e00000|  0%| F|  |TAMS 0x0000000711c00000, 0x0000000711c00000| Untracked 
| 121|0x0000000711e00000, 0x0000000711e00000, 0x0000000712000000|  0%| F|  |TAMS 0x0000000711e00000, 0x0000000711e00000| Untracked 
| 122|0x0000000712000000, 0x0000000712000000, 0x0000000712200000|  0%| F|  |TAMS 0x0000000712000000, 0x0000000712000000| Untracked 
| 123|0x0000000712200000, 0x00000007123c32b8, 0x0000000712400000| 88%| E|  |TAMS 0x0000000712200000, 0x0000000712200000| Complete 
| 124|0x0000000712400000, 0x0000000712600000, 0x0000000712600000|100%| E|CS|TAMS 0x0000000712400000, 0x0000000712400000| Complete 
| 125|0x0000000712600000, 0x0000000712800000, 0x0000000712800000|100%| E|CS|TAMS 0x0000000712600000, 0x0000000712600000| Complete 
| 126|0x0000000712800000, 0x0000000712a00000, 0x0000000712a00000|100%| E|CS|TAMS 0x0000000712800000, 0x0000000712800000| Complete 

Card table byte_map: [0x0000021a7e720000,0x0000021a7ef10000] _byte_map_base: 0x0000021a7af0a000

Marking Bits (Prev, Next): (CMBitMap*) 0x0000021a761bea50, (CMBitMap*) 0x0000021a761bea90
 Prev Bits: [0x0000021a0f000000, 0x0000021a12f50000)
 Next Bits: [0x0000021a12f50000, 0x0000021a16ea0000)

Polling page: 0x0000021a75930000

Metaspace:

Usage:
  Non-class:      5.53 MB used.
      Class:    696.12 KB used.
       Both:      6.21 MB used.

Virtual space:
  Non-class space:        8.00 MB reserved,       5.62 MB ( 70%) committed,  1 nodes.
      Class space:        1.00 GB reserved,     832.00 KB ( <1%) committed,  1 nodes.
             Both:        1.01 GB reserved,       6.44 MB ( <1%) committed. 

Chunk freelists:
   Non-Class:  2.29 MB
       Class:  3.22 MB
        Both:  5.52 MB

MaxMetaspaceSize: unlimited
CompressedClassSpaceSize: 1.00 GB
Initial GC threshold: 21.00 MB
Current GC threshold: 21.00 MB
CDS: on
MetaspaceReclaimPolicy: balanced
 - commit_granule_bytes: 65536.
 - commit_granule_words: 8192.
 - virtual_space_node_default_size: 1048576.
 - enlarge_chunks_in_place: 1.
 - new_chunks_are_fully_committed: 0.
 - uncommit_free_chunks: 1.
 - use_allocation_guard: 0.
 - handle_deallocations: 1.


Internal statistics:

num_allocs_failed_limit: 0.
num_arena_births: 150.
num_arena_deaths: 0.
num_vsnodes_births: 2.
num_vsnodes_deaths: 0.
num_space_committed: 103.
num_space_uncommitted: 0.
num_chunks_returned_to_freelist: 0.
num_chunks_taken_from_freelist: 210.
num_chunk_merges: 0.
num_chunk_splits: 119.
num_chunks_enlarged: 40.
num_purges: 0.
num_inconsistent_stats: 0.

CodeHeap 'non-profiled nmethods': size=120000Kb used=221Kb max_used=221Kb free=119778Kb
 bounds [0x0000021a07ad0000, 0x0000021a07d40000, 0x0000021a0f000000]
CodeHeap 'profiled nmethods': size=120000Kb used=1073Kb max_used=1073Kb free=118926Kb
 bounds [0x0000021a00000000, 0x0000021a00270000, 0x0000021a07530000]
CodeHeap 'non-nmethods': size=5760Kb used=1261Kb max_used=1265Kb free=4498Kb
 bounds [0x0000021a07530000, 0x0000021a077a0000, 0x0000021a07ad0000]
 total_blobs=1328 nmethods=751 adapters=489
 compilation: enabled
              stopped_count=0, restarted_count=0
 full_count=0

Compilation events (20 events):
Event: 0.297 Thread 0x0000021a19c00080  710       1       component.RectUnit::setX (6 bytes)
Event: 0.297 Thread 0x0000021a19c00080 nmethod 710 0x0000021a07b04710 code [0x0000021a07b048a0, 0x0000021a07b04978]
Event: 0.297 Thread 0x0000021a19c00080  711       1       component.RectUnit::setY (6 bytes)
Event: 0.297 Thread 0x0000021a19c00080 nmethod 711 0x0000021a07b04a10 code [0x0000021a07b04ba0, 0x0000021a07b04c78]
Event: 0.297 Thread 0x0000021a19c00080  712       1       component.RectSprite::setLand (6 bytes)
Event: 0.297 Thread 0x0000021a19c00080 nmethod 712 0x0000021a07b04d10 code [0x0000021a07b04ea0, 0x0000021a07b04f78]
Event: 0.319 Thread 0x0000021a19c00080  713       1       jdk.internal.math.FloatingDecimal$BinaryToASCIIBuffer::setSign (6 bytes)
Event: 0.319 Thread 0x0000021a19c00080 nmethod 713 0x0000021a07b05010 code [0x0000021a07b051a0, 0x0000021a07b05278]
Event: 0.330 Thread 0x0000021a19c00080  714       3       java.lang.invoke.DirectMethodHandle$Holder::invokeStatic (17 bytes)
Event: 0.330 Thread 0x0000021a19c00080 nmethod 714 0x0000021a000fd190 code [0x0000021a000fd360, 0x0000021a000fd878]
Event: 0.343 Thread 0x0000021a19c00080  715       3       java.nio.ByteBuffer::arrayOffset (35 bytes)
Event: 0.343 Thread 0x0000021a19c00080 nmethod 715 0x0000021a000fd990 code [0x0000021a000fdb60, 0x0000021a000fddd8]
Event: 0.363 Thread 0x0000021a19c00080  716       3       java.lang.invoke.DirectMethodHandle$Holder::invokeStatic (14 bytes)
Event: 0.363 Thread 0x0000021a19c00080 nmethod 716 0x0000021a000fdf10 code [0x0000021a000fe0e0, 0x0000021a000fe538]
Event: 0.363 Thread 0x0000021a19c00080  717       3       java.lang.String::valueOf (5 bytes)
Event: 0.363 Thread 0x0000021a19c00080 nmethod 717 0x0000021a000fe690 code [0x0000021a000fe860, 0x0000021a000feb58]
Event: 0.363 Thread 0x0000021a19c00080  718       3       jdk.internal.math.FloatingDecimal$BinaryToASCIIBuffer::toJavaFormatString (23 bytes)
Event: 0.363 Thread 0x0000021a19c00080 nmethod 718 0x0000021a000fec90 code [0x0000021a000fee40, 0x0000021a000ff038]
Event: 0.372 Thread 0x0000021a19c00080  719       3       jdk.internal.math.FloatingDecimal$BinaryToASCIIBuffer::dtoa (1509 bytes)
Event: 0.372 Thread 0x0000021a192b54e0  720       4       component.RectUnit::getDiagonalY (12 bytes)

GC Heap History (0 events):
No events

Deoptimization events (12 events):
Event: 0.090 Thread 0x0000021a76153ec0 Uncommon trap: trap_request=0xffffff45 fr.pc=0x0000021a07adee88 relative=0x0000000000000088
Event: 0.090 Thread 0x0000021a76153ec0 Uncommon trap: reason=unstable_if action=reinterpret pc=0x0000021a07adee88 method=java.lang.String.charAt(I)C @ 4 c2
Event: 0.090 Thread 0x0000021a76153ec0 DEOPT PACKING pc=0x0000021a07adee88 sp=0x000000c7c13fd5f0
Event: 0.090 Thread 0x0000021a76153ec0 DEOPT UNPACKING pc=0x0000021a075823a3 sp=0x000000c7c13fd590 mode 2
Event: 0.128 Thread 0x0000021a76153ec0 Uncommon trap: trap_request=0xffffff45 fr.pc=0x0000021a07ad94ac relative=0x00000000000001ac
Event: 0.128 Thread 0x0000021a76153ec0 Uncommon trap: reason=unstable_if action=reinterpret pc=0x0000021a07ad94ac method=java.lang.String.isLatin1()Z @ 10 c2
Event: 0.128 Thread 0x0000021a76153ec0 DEOPT PACKING pc=0x0000021a07ad94ac sp=0x000000c7c13fdfb0
Event: 0.128 Thread 0x0000021a76153ec0 DEOPT UNPACKING pc=0x0000021a075823a3 sp=0x000000c7c13fdee0 mode 2
Event: 0.199 Thread 0x0000021a76153ec0 DEOPT PACKING pc=0x0000021a0002a467 sp=0x000000c7c13fd190
Event: 0.199 Thread 0x0000021a76153ec0 DEOPT UNPACKING pc=0x0000021a07582b43 sp=0x000000c7c13fc5b0 mode 0
Event: 0.228 Thread 0x0000021a19ffc020 DEOPT PACKING pc=0x0000021a00025dd1 sp=0x000000c7c2afc9a0
Event: 0.228 Thread 0x0000021a19ffc020 DEOPT UNPACKING pc=0x0000021a07582b43 sp=0x000000c7c2afbe18 mode 0

Classes unloaded (0 events):
No events

Classes redefined (0 events):
No events

Internal exceptions (16 events):
Event: 0.066 Thread 0x0000021a19de28e0 Exception <a 'java/lang/NoSuchMethodError'{0x0000000712675ab8}: 'java.lang.Object java.lang.invoke.DirectMethodHandle$Holder.invokeStaticInit(java.lang.Object)'> (0x0000000712675ab8) 
thrown [s\open\src\hotspot\share\interpreter\linkResolver.cpp, line 759]
Event: 0.070 Thread 0x0000021a19de28e0 Exception <a 'java/lang/NoSuchMethodError'{0x0000000712683978}: 'void java.lang.invoke.DirectMethodHandle$Holder.invokeStatic(java.lang.Object, java.lang.Object)'> (0x0000000712683978) 
thrown [s\open\src\hotspot\share\interpreter\linkResolver.cpp, line 759]
Event: 0.076 Thread 0x0000021a76153ec0 Exception <a 'java/lang/ClassNotFoundException'{0x000000071266d7b0}: sun/awt/resources/spi/awtProvider> (0x000000071266d7b0) 
thrown [s\open\src\hotspot\share\classfile\systemDictionary.cpp, line 256]
Event: 0.090 Thread 0x0000021a76153ec0 Exception <a 'java/io/FileNotFoundException'{0x00000007127335f8}> (0x00000007127335f8) 
thrown [s\open\src\hotspot\share\prims\jni.cpp, line 516]
Event: 0.095 Thread 0x0000021a76153ec0 Exception <a 'java/io/FileNotFoundException'{0x00000007127608f8}> (0x00000007127608f8) 
thrown [s\open\src\hotspot\share\prims\jni.cpp, line 516]
Event: 0.132 Thread 0x0000021a76153ec0 Exception <a 'java/lang/NoSuchMethodError'{0x00000007127e3670}: 'void java.lang.invoke.DirectMethodHandle$Holder.invokeSpecial(java.lang.Object, java.lang.Object, java.lang.Object)'> (0x00000007127e3670) 
thrown [s\open\src\hotspot\share\interpreter\linkResolver.cpp, line 759]
Event: 0.138 Thread 0x0000021a76153ec0 Exception <a 'java/lang/NoSuchMethodError'{0x000000071247eed8}: 'java.lang.Object java.lang.invoke.DirectMethodHandle$Holder.newInvokeSpecial(java.lang.Object, java.lang.Object, java.lang.Object, java.lang.Object, java.lang.Object)'> (0x000000071247eed8) 
thrown [s\open\src\hotspot\share\interpreter\linkResolver.cpp, line 759]
Event: 0.139 Thread 0x0000021a76153ec0 Exception <a 'java/lang/NoSuchMethodError'{0x000000071248a8a0}: 'java.lang.Object java.lang.invoke.DirectMethodHandle$Holder.invokeStatic(java.lang.Object, int, java.lang.Object, java.lang.Object, java.lang.Object, java.lang.Object)'> (0x000000071248a8a0) 
thrown [s\open\src\hotspot\share\interpreter\linkResolver.cpp, line 759]
Event: 0.141 Thread 0x0000021a76153ec0 Exception <a 'java/lang/NoSuchMethodError'{0x00000007124b0060}: 'java.lang.Object java.lang.invoke.DirectMethodHandle$Holder.invokeStatic(java.lang.Object, int, java.lang.Object)'> (0x00000007124b0060) 
thrown [s\open\src\hotspot\share\interpreter\linkResolver.cpp, line 759]
Event: 0.158 Thread 0x0000021a76153ec0 Exception <a 'java/lang/ClassNotFoundException'{0x000000071256ba50}: com/sun/swing/internal/plaf/metal/resources/spi/metalProvider> (0x000000071256ba50) 
thrown [s\open\src\hotspot\share\classfile\systemDictionary.cpp, line 256]
Event: 0.159 Thread 0x0000021a76153ec0 Exception <a 'java/lang/ClassNotFoundException'{0x00000007125712f0}: com/sun/swing/internal/plaf/basic/resources/spi/basicProvider> (0x00000007125712f0) 
thrown [s\open\src\hotspot\share\classfile\systemDictionary.cpp, line 256]
Event: 0.175 Thread 0x0000021a19fa2410 Exception <a 'java/lang/NoSuchMethodError'{0x000000071240f680}: 'void java.lang.invoke.DirectMethodHandle$Holder.invokeVirtual(java.lang.Object, java.lang.Object)'> (0x000000071240f680) 
thrown [s\open\src\hotspot\share\interpreter\linkResolver.cpp, line 759]
Event: 0.184 Thread 0x0000021a76153ec0 Exception <a 'java/lang/NoSuchMethodError'{0x00000007125bfa50}: 'void java.lang.invoke.DirectMethodHandle$Holder.invokeStaticInit(java.lang.Object)'> (0x00000007125bfa50) 
thrown [s\open\src\hotspot\share\interpreter\linkResolver.cpp, line 759]
Event: 0.189 Thread 0x0000021a76153ec0 Exception <a 'java/io/FileNotFoundException'{0x0000000712207fc8}> (0x0000000712207fc8) 
thrown [s\open\src\hotspot\share\prims\jni.cpp, line 516]
Event: 0.220 Thread 0x0000021a1a9ea2e0 Exception <a 'java/lang/NoSuchMethodError'{0x00000007122ea640}: 'java.lang.Object java.lang.invoke.DirectMethodHandle$Holder.invokeSpecial(java.lang.Object, java.lang.Object, double, double)'> (0x00000007122ea640) 
thrown [s\open\src\hotspot\share\interpreter\linkResolver.cpp, line 759]
Event: 0.230 Thread 0x0000021a1a9ea2e0 Exception <a 'java/lang/NoSuchMethodError'{0x000000071234b9c0}: 'java.lang.Object java.lang.invoke.DelegatingMethodHandle$Holder.reinvoke_L(java.lang.Object, java.lang.Object, java.lang.Object, java.lang.Object, int, java.lang.Object)'> (0x000000071234b9c0) 
thrown [s\open\src\hotspot\share\interpreter\linkResolver.cpp, line 759]

VM Operations (10 events):
Event: 0.040 Executing VM operation: HandshakeAllThreads
Event: 0.040 Executing VM operation: HandshakeAllThreads done
Event: 0.064 Executing VM operation: HandshakeAllThreads
Event: 0.065 Executing VM operation: HandshakeAllThreads done
Event: 0.100 Executing VM operation: HandshakeAllThreads
Event: 0.100 Executing VM operation: HandshakeAllThreads done
Event: 0.196 Executing VM operation: HandshakeAllThreads
Event: 0.196 Executing VM operation: HandshakeAllThreads done
Event: 0.218 Executing VM operation: HandshakeAllThreads
Event: 0.218 Executing VM operation: HandshakeAllThreads done

Events (20 events):
Event: 0.234 loading class sun/awt/im/InputContext
Event: 0.235 loading class sun/awt/im/InputContext done
Event: 0.235 loading class sun/awt/im/InputMethodContext done
Event: 0.235 loading class sun/awt/windows/WInputMethod
Event: 0.235 loading class sun/awt/im/InputMethodAdapter
Event: 0.235 loading class java/awt/im/spi/InputMethod
Event: 0.235 loading class java/awt/im/spi/InputMethod done
Event: 0.235 loading class sun/awt/im/InputMethodAdapter done
Event: 0.235 loading class sun/awt/windows/WInputMethod done
Event: 0.368 loading class sun/awt/im/CompositionAreaHandler
Event: 0.368 loading class sun/awt/im/CompositionAreaHandler done
Event: 0.368 loading class java/text/AttributedString
Event: 0.368 loading class java/text/AttributedString done
Event: 0.368 loading class java/text/AttributedString$AttributedStringIterator
Event: 0.368 loading class java/text/AttributedCharacterIterator
Event: 0.368 loading class java/text/CharacterIterator
Event: 0.368 loading class java/text/CharacterIterator done
Event: 0.368 loading class java/text/AttributedCharacterIterator done
Event: 0.368 loading class java/text/AttributedString$AttributedStringIterator done
Event: 0.372 loading class java/awt/TextComponent


Dynamic libraries:
0x00007ff72d210000 - 0x00007ff72d220000 	E:\Java\bin\java.exe
0x00007ff888010000 - 0x00007ff888208000 	C:\Windows\SYSTEM32\ntdll.dll
0x00007ff887570000 - 0x00007ff88762d000 	C:\Windows\System32\KERNEL32.DLL
0x00007ff8857a0000 - 0x00007ff885a96000 	C:\Windows\System32\KERNELBASE.dll
0x00007ff885ad0000 - 0x00007ff885bd0000 	C:\Windows\System32\ucrtbase.dll
0x00007ff86fc00000 - 0x00007ff86fc18000 	E:\Java\bin\jli.dll
0x00007ff86fc20000 - 0x00007ff86fc3b000 	E:\Java\bin\VCRUNTIME140.dll
0x00007ff8877c0000 - 0x00007ff887870000 	C:\Windows\System32\ADVAPI32.dll
0x00007ff885e80000 - 0x00007ff885f1e000 	C:\Windows\System32\msvcrt.dll
0x00007ff887b30000 - 0x00007ff887bd0000 	C:\Windows\System32\sechost.dll
0x00007ff887630000 - 0x00007ff887753000 	C:\Windows\System32\RPCRT4.dll
0x00007ff885d20000 - 0x00007ff885d47000 	C:\Windows\System32\bcrypt.dll
0x00007ff886700000 - 0x00007ff88689f000 	C:\Windows\System32\USER32.dll
0x00007ff885cf0000 - 0x00007ff885d12000 	C:\Windows\System32\win32u.dll
0x00007ff887b00000 - 0x00007ff887b2b000 	C:\Windows\System32\GDI32.dll
0x00007ff86e570000 - 0x00007ff86e80a000 	C:\Windows\WinSxS\amd64_microsoft.windows.common-controls_6595b64144ccf1df_6.0.19041.3636_none_60b6a03d71f818d5\COMCTL32.dll
0x00007ff885bd0000 - 0x00007ff885ce7000 	C:\Windows\System32\gdi32full.dll
0x00007ff8856b0000 - 0x00007ff88574d000 	C:\Windows\System32\msvcp_win.dll
0x00007ff87f350000 - 0x00007ff87f35a000 	C:\Windows\SYSTEM32\VERSION.dll
0x00007ff887970000 - 0x00007ff8879a2000 	C:\Windows\System32\IMM32.DLL
0x00007ff87f8d0000 - 0x00007ff87f8dc000 	E:\Java\bin\vcruntime140_1.dll
0x00007ff86fb70000 - 0x00007ff86fbfe000 	E:\Java\bin\msvcp140.dll
0x00007ff833050000 - 0x00007ff833c27000 	E:\Java\bin\server\jvm.dll
0x00007ff8879d0000 - 0x00007ff8879d8000 	C:\Windows\System32\PSAPI.DLL
0x00007ff882c00000 - 0x00007ff882c09000 	C:\Windows\SYSTEM32\WSOCK32.dll
0x00007ff887bd0000 - 0x00007ff887c3b000 	C:\Windows\System32\WS2_32.dll
0x00007ff871cb0000 - 0x00007ff871cd7000 	C:\Windows\SYSTEM32\WINMM.dll
0x00007ff885aa0000 - 0x00007ff885ab2000 	C:\Windows\System32\kernel.appcore.dll
0x00007ff87e500000 - 0x00007ff87e50a000 	E:\Java\bin\jimage.dll
0x00007ff871280000 - 0x00007ff871464000 	C:\Windows\SYSTEM32\DBGHELP.DLL
0x00007ff86d490000 - 0x00007ff86d4c4000 	C:\Windows\SYSTEM32\dbgcore.DLL
0x00007ff885450000 - 0x00007ff8854d2000 	C:\Windows\System32\bcryptPrimitives.dll
0x00007ff87e2c0000 - 0x00007ff87e2ce000 	E:\Java\bin\instrument.dll
0x00007ff86f700000 - 0x00007ff86f725000 	E:\Java\bin\java.dll
0x00007ff851300000 - 0x00007ff8513d7000 	E:\Java\bin\jsvml.dll
0x00007ff885f20000 - 0x00007ff88668b000 	C:\Windows\System32\SHELL32.dll
0x00007ff883530000 - 0x00007ff883cce000 	C:\Windows\SYSTEM32\windows.storage.dll
0x00007ff886ad0000 - 0x00007ff886e23000 	C:\Windows\System32\combase.dll
0x00007ff884d80000 - 0x00007ff884dae000 	C:\Windows\SYSTEM32\Wldp.dll
0x00007ff887400000 - 0x00007ff8874cd000 	C:\Windows\System32\OLEAUT32.dll
0x00007ff8872a0000 - 0x00007ff88734d000 	C:\Windows\System32\SHCORE.dll
0x00007ff8868a0000 - 0x00007ff8868f5000 	C:\Windows\System32\shlwapi.dll
0x00007ff885280000 - 0x00007ff8852a3000 	C:\Windows\SYSTEM32\profapi.dll
0x00007ff86dc90000 - 0x00007ff86dca8000 	E:\Java\bin\zip.dll
0x00007ff86dd80000 - 0x00007ff86dd99000 	E:\Java\bin\net.dll
0x00007ff87ceb0000 - 0x00007ff87cfba000 	C:\Windows\SYSTEM32\WINHTTP.dll
0x00007ff884ae0000 - 0x00007ff884b4a000 	C:\Windows\system32\mswsock.dll
0x00007ff86dcb0000 - 0x00007ff86dcc6000 	E:\Java\bin\nio.dll
0x00007ff86dc70000 - 0x00007ff86dc8a000 	E:\IDEA\IntelliJIDEA2021.1.1\bin\breakgen64.dll
0x00007ff838260000 - 0x00007ff8383f1000 	E:\Java\bin\awt.dll
0x00007ff882ca0000 - 0x00007ff882d30000 	C:\Windows\SYSTEM32\apphelp.dll
0x00007ff882de0000 - 0x00007ff882e7e000 	C:\Windows\system32\uxtheme.dll
0x00007ff8879e0000 - 0x00007ff887af5000 	C:\Windows\System32\MSCTF.dll
0x00007ff8869a0000 - 0x00007ff886acb000 	C:\Windows\System32\ole32.dll
0x00007ff883240000 - 0x00007ff88326f000 	C:\Windows\system32\DWMAPI.DLL
0x00007ff858c30000 - 0x00007ff858d55000 	C:\Windows\system32\opengl32.dll
0x00007ff858c00000 - 0x00007ff858c2c000 	C:\Windows\SYSTEM32\GLU32.dll
0x00007ff8566e0000 - 0x00007ff856766000 	E:\Java\bin\freetype.dll
0x00007ff838190000 - 0x00007ff838255000 	E:\Java\bin\fontmanager.dll
0x00007ff8783d0000 - 0x00007ff8784c9000 	C:\Windows\SYSTEM32\textinputframework.dll
0x00007ff882630000 - 0x00007ff88298b000 	C:\Windows\System32\CoreUIComponents.dll
0x00007ff882990000 - 0x00007ff882a82000 	C:\Windows\System32\CoreMessaging.dll
0x00007ff884500000 - 0x00007ff884533000 	C:\Windows\SYSTEM32\ntmarta.dll
0x00007ff881dc0000 - 0x00007ff881f17000 	C:\Windows\SYSTEM32\wintypes.dll
0x00007ff887350000 - 0x00007ff8873f9000 	C:\Windows\System32\clbcatq.dll
0x00007ff84ef10000 - 0x00007ff84f15d000 	C:\Windows\system32\SogouTSF.ime
0x00007ff86be00000 - 0x00007ff86be07000 	C:\Windows\system32\MSIMG32.dll
0x00007ff831e20000 - 0x00007ff832bfc000 	C:\Windows\system32\SogouPY.ime
0x00007ff8854e0000 - 0x00007ff88563e000 	C:\Windows\System32\CRYPT32.dll
0x00007ff86c1b0000 - 0x00007ff86c216000 	C:\Windows\SYSTEM32\OLEACC.dll
0x0000000010000000 - 0x000000001059a000 	C:\Program Files (x86)\SogouInput\13.10.0.8469\Resource.dll
0x00007ff870c40000 - 0x00007ff870cec000 	C:\Windows\SYSTEM32\TextShaping.dll

dbghelp: loaded successfully - version: 4.0.5 - missing functions: none
symbol engine: initialized successfully - sym options: 0x614 - pdb path: .;E:\Java\bin;C:\Windows\SYSTEM32;C:\Windows\WinSxS\amd64_microsoft.windows.common-controls_6595b64144ccf1df_6.0.19041.3636_none_60b6a03d71f818d5;E:\Java\bin\server;E:\IDEA\IntelliJIDEA2021.1.1\bin;C:\Program Files (x86)\SogouInput\13.10.0.8469

VM Arguments:
jvm_args: -javaagent:E:\IDEA\IntelliJIDEA2021.1.1\lib\idea_rt.jar=51882:E:\IDEA\IntelliJIDEA2021.1.1\bin -Dfile.encoding=UTF-8 
java_command: Frame
java_class_path (initial): C:\Users\Administrator\Desktop\project\IDEA\GUITest\out\production\GameFrame
Launcher Type: SUN_STANDARD

[Global flags]
     intx CICompilerCount                          = 4                                         {product} {ergonomic}
     uint ConcGCThreads                            = 3                                         {product} {ergonomic}
     uint G1ConcRefinementThreads                  = 10                                        {product} {ergonomic}
   size_t G1HeapRegionSize                         = 2097152                                   {product} {ergonomic}
    uintx GCDrainStackTargetSize                   = 64                                        {product} {ergonomic}
   size_t InitialHeapSize                          = 266338304                                 {product} {ergonomic}
   size_t MarkStackSize                            = 4194304                                   {product} {ergonomic}
   size_t MaxHeapSize                              = 4248829952                                {product} {ergonomic}
   size_t MaxNewSize                               = 2548039680                                {product} {ergonomic}
   size_t MinHeapDeltaBytes                        = 2097152                                   {product} {ergonomic}
   size_t MinHeapSize                              = 8388608                                   {product} {ergonomic}
    uintx NonNMethodCodeHeapSize                   = 5839372                                {pd product} {ergonomic}
    uintx NonProfiledCodeHeapSize                  = 122909434                              {pd product} {ergonomic}
    uintx ProfiledCodeHeapSize                     = 122909434                              {pd product} {ergonomic}
    uintx ReservedCodeCacheSize                    = 251658240                              {pd product} {ergonomic}
     bool SegmentedCodeCache                       = true                                      {product} {ergonomic}
   size_t SoftMaxHeapSize                          = 4248829952                             {manageable} {ergonomic}
     bool UseCompressedClassPointers               = true                           {product lp64_product} {ergonomic}
     bool UseCompressedOops                        = true                           {product lp64_product} {ergonomic}
     bool UseG1GC                                  = true                                      {product} {ergonomic}
     bool UseLargePagesIndividualAllocation        = false                                  {pd product} {ergonomic}

Logging:
Log output configuration:
 #0: stdout all=warning uptime,level,tags
 #1: stderr all=off uptime,level,tags

Environment Variables:
JAVA_HOME=E:\Java
PATH=E:\Java\bin;C:\Windows\system32;C:\Windows;C:\Windows\System32\Wbem;C:\Windows\System32\WindowsPowerShell\v1.0\;C:\Windows\System32\OpenSSH\;E:\mysql-5.7.24-winx64\bin;E:\apache-maven-3.6.1\bin;C:\Program Files\Git\cmd;C:\Program Files (x86)\NVIDIA Corporation\PhysX\Common;C:\Program Files\NVIDIA Corporation\NVIDIA NvDLISR;C:\Program Files\Cloudflare\Cloudflare WARP\;C:\Program Files\Microsoft Visual Studio\2022\Community\VC\Tools\MSVC\14.37.32822\bin\Hostx64\x64;C:\Users\Administrator\Desktop\Application\mingw64\bin;C:\Program Files\dotnet\;C:\Program Files\Bandizip\;C:\Users\Administrator\AppData\Local\Programs\Python\Python312\Scripts\;C:\Users\Administrator\AppData\Local\Programs\Python\Python312\;C:\Users\Administrator\AppData\Local\Programs\Python\Launcher\;C:\Users\Administrator\AppData\Local\Microsoft\WindowsApps;
USERNAME=Administrator
OS=Windows_NT
PROCESSOR_IDENTIFIER=Intel64 Family 6 Model 165 Stepping 3, GenuineIntel



---------------  S Y S T E M  ---------------

OS:
 Windows 10 , 64 bit Build 19041 (10.0.19041.3636)
OS uptime: 0 days 5:38 hours

CPU: total 12 (initial active 12) (6 cores per cpu, 2 threads per core) family 6 model 165 stepping 3 microcode 0xca, cx8, cmov, fxsr, ht, mmx, 3dnowpref, sse, sse2, sse3, ssse3, sse4.1, sse4.2, popcnt, lzcnt, tsc, tscinvbit, avx, avx2, aes, erms, clmul, bmi1, bmi2, adx, fma, vzeroupper, clflush, clflushopt

Memory: 4k page, system-wide physical 16202M (9084M free)
TotalPageFile size 19706M (AvailPageFile size 9818M)
current process WorkingSet (physical memory assigned to process): 87M, peak: 87M
current process commit charge ("private bytes"): 382M, peak: 382M

vm_info: Java HotSpot(TM) 64-Bit Server VM (17.0.6+9-LTS-190) for windows-amd64 JRE (17.0.6+9-LTS-190), built on Dec  6 2022 15:53:54 by "mach5one" with MS VC++ 17.1 (VS2022)

END.
