#
# A fatal error has been detected by the Java Runtime Environment:
#
#  EXCEPTION_ACCESS_VIOLATION (0xc0000005) at pc=0x00007ff83306778d, pid=10292, tid=12880
#
# JRE version: Java(TM) SE Runtime Environment (17.0.6+9) (build 17.0.6+9-LTS-190)
# Java VM: Java HotSpot(TM) 64-Bit Server VM (17.0.6+9-LTS-190, mixed mode, sharing, tiered, compressed oops, compressed class ptrs, g1 gc, windows-amd64)
# Problematic frame:
# V  [jvm.dll+0x1778d]
#
# No core dump will be written. Minidumps are not enabled by default on client versions of Windows
#
# If you would like to submit a bug report, please visit:
#   https://bugreport.java.com/bugreport/crash.jsp
#

---------------  S U M M A R Y ------------

Command Line: -javaagent:E:\IDEA\IntelliJIDEA2021.1.1\lib\idea_rt.jar=51878:E:\IDEA\IntelliJIDEA2021.1.1\bin -Dfile.encoding=UTF-8 Frame

Host: Intel(R) Core(TM) i5-10400 CPU @ 2.90GHz, 12 cores, 15G,  Windows 10 , 64 bit Build 19041 (10.0.19041.3636)
Time: Mon Apr 22 16:24:45 2024  Windows 10 , 64 bit Build 19041 (10.0.19041.3636) elapsed time: 0.407827 seconds (0d 0h 0m 0s)

---------------  T H R E A D  ---------------

Current thread (0x000002276eb21840):  JavaThread "C2 CompilerThread0" daemon [_thread_in_native, id=12880, stack(0x000000f76ac00000,0x000000f76ad00000)]


Current CompileTask:
C2:    408  722       4       component.RectUnit::getDiagonalY (12 bytes)

Stack: [0x000000f76ac00000,0x000000f76ad00000],  sp=0x000000f76acfb5f0,  free space=1005k
Native frames: (J=compiled Java code, j=interpreted, Vv=VM code, C=native code)
V  [jvm.dll+0x1778d]
V  [jvm.dll+0x67ba26]
V  [jvm.dll+0x67bdce]
V  [jvm.dll+0x678923]
V  [jvm.dll+0x2161ad]
V  [jvm.dll+0x215211]
V  [jvm.dll+0x1a1730]
V  [jvm.dll+0x224b6e]
V  [jvm.dll+0x222f15]
V  [jvm.dll+0x78753c]
V  [jvm.dll+0x781a7a]
V  [jvm.dll+0x672375]
C  [ucrtbase.dll+0x21bb2]
C  [KERNEL32.DLL+0x17344]
C  [ntdll.dll+0x526b1]


siginfo: EXCEPTION_ACCESS_VIOLATION (0xc0000005), reading address 0x000000006b4fdaf4


Register to memory mapping:

RIP=0x00007ff83306778d jvm.dll
RAX=0x00007ff83388f1a8 jvm.dll
RBX=0x000000f76acfb7d0 is pointing into the stack for thread: 0x000002276eb21840
RCX=0x000000006acfb670 is an unknown value
RDX=0x000000f76acfb7d0 is pointing into the stack for thread: 0x000002276eb21840
RSP=0x000000f76acfb5f0 is pointing into the stack for thread: 0x000002276eb21840
RBP=0x000000f76acfb870 is pointing into the stack for thread: 0x000002276eb21840
RSI=0x000000f76acfce00 is pointing into the stack for thread: 0x000002276eb21840
RDI=0x000002276f6e6728 points into unknown readable memory: 0x00007ff8338964a0 | a0 64 89 33 f8 7f 00 00
R8 =0x000000f76acfbf50 is pointing into the stack for thread: 0x000002276eb21840
R9 =0x000000f76acfb878 is pointing into the stack for thread: 0x000002276eb21840
R10=0x000000f76acfb538 is pointing into the stack for thread: 0x000002276eb21840
R11=0x000000f76acfb750 is pointing into the stack for thread: 0x000002276eb21840
R12=0x000000f76acfbf50 is pointing into the stack for thread: 0x000002276eb21840
R13=0x000002276f6e6728 points into unknown readable memory: 0x00007ff8338964a0 | a0 64 89 33 f8 7f 00 00
R14=0x000002276f4c4d24 points into unknown readable memory: 2b 00 00 00
R15=0x0000000000000003 is an unknown value


Registers:
RAX=0x00007ff83388f1a8, RBX=0x000000f76acfb7d0, RCX=0x000000006acfb670, RDX=0x000000f76acfb7d0
RSP=0x000000f76acfb5f0, RBP=0x000000f76acfb870, RSI=0x000000f76acfce00, RDI=0x000002276f6e6728
R8 =0x000000f76acfbf50, R9 =0x000000f76acfb878, R10=0x000000f76acfb538, R11=0x000000f76acfb750
R12=0x000000f76acfbf50, R13=0x000002276f6e6728, R14=0x000002276f4c4d24, R15=0x0000000000000003
RIP=0x00007ff83306778d, EFLAGS=0x0000000000010202

Top of Stack: (sp=0x000000f76acfb5f0)
0x000000f76acfb5f0:   000000f76acfce00 000000f76acfb7d0
0x000000f76acfb600:   00000000ffffff00 00007ff83388efa0
0x000000f76acfb610:   0000000000000000 ffffffff00000000
0x000000f76acfb620:   ffffffff00000000 00000008ffffffff
0x000000f76acfb630:   000002276f6e67b8 0000000000000004
0x000000f76acfb640:   0000000000000000 00007ff833073355
0x000000f76acfb650:   0000000000000020 0000000000000000
0x000000f76acfb660:   000000f76acfbf50 000002276f6e6838
0x000000f76acfb670:   00007ff833905728 000000f76acfb828
0x000000f76acfb680:   000000f76acfb8f0 000000f76acfb828
0x000000f76acfb690:   000000f76acfb8f0 0000000001010101
0x000000f76acfb6a0:   0000000000000000 00007ff800000000
0x000000f76acfb6b0:   0000000000000002 ffffffffffffffff
0x000000f76acfb6c0:   ffffffffffffffff 00000020ffffffff
0x000000f76acfb6d0:   00000000ffffff00 00007ff83388efa0
0x000000f76acfb6e0:   0000000000000000 0000000000000000 

Instructions: (pc=0x00007ff83306778d)
0x00007ff83306768d:   00 00 e8 2c 09 0a 00 0f 10 44 24 48 48 8b 4f 78
0x00007ff83306769d:   41 b9 01 00 00 00 0f 10 4c 24 58 4c 8b c7 48 8b
0x00007ff8330676ad:   d6 0f 29 84 24 80 00 00 00 0f 10 44 24 68 48 8b
0x00007ff8330676bd:   01 0f 29 8c 24 90 00 00 00 f2 0f 10 4c 24 78 0f
0x00007ff8330676cd:   29 84 24 a0 00 00 00 f2 0f 11 8c 24 b0 00 00 00
0x00007ff8330676dd:   ff 50 20 48 8b 4f 70 4c 8b c7 48 8b d6 48 63 d8
0x00007ff8330676ed:   4c 8b 09 41 ff 51 28 48 63 d0 4c 8b c3 4c 8d 8c
0x00007ff8330676fd:   24 80 00 00 00 48 8d 4c 24 20 e8 f4 55 5a 00 4c
0x00007ff83306770d:   8d 9c 24 c0 00 00 00 49 8b 5b 10 49 8b 73 18 49
0x00007ff83306771d:   8b e3 5f c3 cc cc cc cc cc cc cc cc cc cc cc cc
0x00007ff83306772d:   cc cc cc 48 89 5c 24 08 48 89 6c 24 10 48 89 74
0x00007ff83306773d:   24 18 57 41 54 41 55 41 56 41 57 48 81 ec 50 01
0x00007ff83306774d:   00 00 48 8b 42 68 4c 8b e9 48 89 42 60 4d 8b e0
0x00007ff83306775d:   48 8b 49 50 48 8b da 48 8b 01 ff 50 08 48 8b d3
0x00007ff83306776d:   48 8d 8c 24 80 00 00 00 44 8d 78 02 e8 52 ff 09
0x00007ff83306777d:   00 48 8d 05 23 7a 82 00 67 8d 8c 24 80 00 00 00
0x00007ff83306778d:   0b 89 84 24 80 00 00 00 f7 f6 68 0b 00 4d 8b 75
0x00007ff83306779d:   48 48 8d 05 0b 07 83 00 7e 89 84 24 80 00 00 00
0x00007ff8330677ad:   21 8b ce 49 8b 06 ff 90 da 00 00 00 4d 8b 16 45
0x00007ff8330677bd:   01 cf 4d 8b c5 49 8b d4 1b 8b ce 8b e8 41 ff 92
0x00007ff8330677cd:   c4 00 00 00 49 8b 16 49 bb ce 8b f0 ff 52 78 4d
0x00007ff8330677dd:   0e 16 45 8b cf 4d 8b c5 8f 8b d4 49 8b ce 8b f8
0x00007ff8330677ed:   90 ff 52 70 4d 8b 16 45 af cf 4d 8b c5 49 8b d4
0x00007ff8330677fd:   41 8b ce 8b d8 41 ff 52 68 89 6c 24 28 48 8d 8c
0x00007ff83306780d:   24 00 01 00 00 8b d0 89 74 24 20 44 8b cf 44 8b
0x00007ff83306781d:   c3 e8 7d 8d 0b 00 49 8b 4d 50 41 b9 02 00 00 00
0x00007ff83306782d:   4d 8b c5 49 8b d4 0f 10 00 0f 29 44 24 30 0f 10
0x00007ff83306783d:   40 10 0f 29 44 24 40 0f 10 40 20 0f 29 44 24 50
0x00007ff83306784d:   0f 10 40 30 0f 29 44 24 60 0f 10 40 40 48 8b 01
0x00007ff83306785d:   0f 29 44 24 70 ff 50 20 49 8b 4d 48 4d 8b c5 49
0x00007ff83306786d:   8b d4 48 63 d8 4c 8b 09 41 ff 51 28 0f 28 44 24
0x00007ff83306787d:   30 0f 28 4c 24 40 0f 29 8e 24 b0 00 00 00 0f 28 


Stack slot to memory mapping:
stack at sp + 0 slots: 0x000000f76acfce00 is pointing into the stack for thread: 0x000002276eb21840
stack at sp + 1 slots: 0x000000f76acfb7d0 is pointing into the stack for thread: 0x000002276eb21840
stack at sp + 2 slots: 0x00000000ffffff00 is an unknown value
stack at sp + 3 slots: 0x00007ff83388efa0 jvm.dll
stack at sp + 4 slots: 0x0 is NULL
stack at sp + 5 slots: 0xffffffff00000000 is an unknown value
stack at sp + 6 slots: 0xffffffff00000000 is an unknown value
stack at sp + 7 slots: 0x00000008ffffffff is an unknown value


---------------  P R O C E S S  ---------------

Threads class SMR info:
_java_thread_list=0x00000227701e6480, length=18, elements={
0x000002276eafdb20, 0x000002276eafe990, 0x000002276eb1cd40, 0x000002276eb1f800,
0x000002276eb201b0, 0x000002276eb20b60, 0x000002276eb21840, 0x000002276f408090,
0x000002276f409a90, 0x000002276eae8820, 0x000002276f5bb8f0, 0x000002276f6085f0,
0x000002276f756b90, 0x000002276f75a040, 0x000002276f75a990, 0x000002276f7c5810,
0x000002276f7de8b0, 0x000002274ba43bd0
}

Java Threads: ( => current thread )
  0x000002276eafdb20 JavaThread "Reference Handler" daemon [_thread_blocked, id=7140, stack(0x000000f76a600000,0x000000f76a700000)]
  0x000002276eafe990 JavaThread "Finalizer" daemon [_thread_blocked, id=3524, stack(0x000000f76a700000,0x000000f76a800000)]
  0x000002276eb1cd40 JavaThread "Signal Dispatcher" daemon [_thread_blocked, id=14468, stack(0x000000f76a800000,0x000000f76a900000)]
  0x000002276eb1f800 JavaThread "Attach Listener" daemon [_thread_blocked, id=4228, stack(0x000000f76a900000,0x000000f76aa00000)]
  0x000002276eb201b0 JavaThread "Service Thread" daemon [_thread_blocked, id=3024, stack(0x000000f76aa00000,0x000000f76ab00000)]
  0x000002276eb20b60 JavaThread "Monitor Deflation Thread" daemon [_thread_blocked, id=14452, stack(0x000000f76ab00000,0x000000f76ac00000)]
=>0x000002276eb21840 JavaThread "C2 CompilerThread0" daemon [_thread_in_native, id=12880, stack(0x000000f76ac00000,0x000000f76ad00000)]
  0x000002276f408090 JavaThread "C1 CompilerThread0" daemon [_thread_blocked, id=1564, stack(0x000000f76ad00000,0x000000f76ae00000)]
  0x000002276f409a90 JavaThread "Sweeper thread" daemon [_thread_blocked, id=1440, stack(0x000000f76ae00000,0x000000f76af00000)]
  0x000002276eae8820 JavaThread "Common-Cleaner" daemon [_thread_blocked, id=15332, stack(0x000000f76af00000,0x000000f76b000000)]
  0x000002276f5bb8f0 JavaThread "Monitor Ctrl-Break" daemon [_thread_in_native, id=11252, stack(0x000000f76b000000,0x000000f76b100000)]
  0x000002276f6085f0 JavaThread "Notification Thread" daemon [_thread_blocked, id=9084, stack(0x000000f76b100000,0x000000f76b200000)]
  0x000002276f756b90 JavaThread "Java2D Disposer" daemon [_thread_blocked, id=4044, stack(0x000000f76b300000,0x000000f76b400000)]
  0x000002276f75a040 JavaThread "AWT-Shutdown" [_thread_blocked, id=9284, stack(0x000000f76b400000,0x000000f76b500000)]
  0x000002276f75a990 JavaThread "AWT-Windows" daemon [_thread_in_native, id=1052, stack(0x000000f76b500000,0x000000f76b600000)]
  0x000002276f7c5810 JavaThread "AWT-EventQueue-0" [_thread_in_native, id=10056, stack(0x000000f76b600000,0x000000f76b700000)]
  0x000002276f7de8b0 JavaThread "Thread-0" [_thread_blocked, id=8784, stack(0x000000f76b700000,0x000000f76b800000)]
  0x000002274ba43bd0 JavaThread "DestroyJavaVM" [_thread_blocked, id=13692, stack(0x000000f769f00000,0x000000f76a000000)]

Other Threads:
  0x000002276eaf9270 VMThread "VM Thread" [stack: 0x000000f76a500000,0x000000f76a600000] [id=14752]
  0x000002276f609d60 WatcherThread [stack: 0x000000f76b200000,0x000000f76b300000] [id=4732]
  0x000002274baad320 GCTaskThread "GC Thread#0" [stack: 0x000000f76a000000,0x000000f76a100000] [id=5228]
  0x000002274babdfa0 ConcurrentGCThread "G1 Main Marker" [stack: 0x000000f76a100000,0x000000f76a200000] [id=7180]
  0x000002274babf9c0 ConcurrentGCThread "G1 Conc#0" [stack: 0x000000f76a200000,0x000000f76a300000] [id=6480]
  0x000002274bb1da90 ConcurrentGCThread "G1 Refine#0" [stack: 0x000000f76a300000,0x000000f76a400000] [id=9000]
  0x000002274bb1e4b0 ConcurrentGCThread "G1 Service" [stack: 0x000000f76a400000,0x000000f76a500000] [id=10452]

Threads with active compile tasks:
C2 CompilerThread0      450  722       4       component.RectUnit::getDiagonalY (12 bytes)

VM state: not at safepoint (normal execution)

VM Mutex/Monitor currently owned by a thread: None

Heap address: 0x0000000702c00000, size: 4052 MB, Compressed Oops mode: Zero based, Oop shift amount: 3

CDS archive(s) mapped at: [0x0000000800000000-0x0000000800bd0000-0x0000000800bd0000), size 12386304, SharedBaseAddress: 0x0000000800000000, ArchiveRelocationMode: 0.
Compressed class space mapped at: 0x0000000800c00000-0x0000000840c00000, reserved size: 1073741824
Narrow klass base: 0x0000000800000000, Narrow klass shift: 0, Narrow klass range: 0x100000000

GC Precious Log:
 CPUs: 12 total, 12 available
 Memory: 16202M
 Large Page Support: Disabled
 NUMA Support: Disabled
 Compressed Oops: Enabled (Zero based)
 Heap Region Size: 2M
 Heap Min Capacity: 8M
 Heap Initial Capacity: 254M
 Heap Max Capacity: 4052M
 Pre-touch: Disabled
 Parallel Workers: 10
 Concurrent Workers: 3
 Concurrent Refinement Workers: 10
 Periodic GC: Disabled

Heap:
 garbage-first heap   total 260096K, used 12288K [0x0000000702c00000, 0x0000000800000000)
  region size 2048K, 4 young (8192K), 0 survivors (0K)
 Metaspace       used 6363K, committed 6592K, reserved 1056768K
  class space    used 696K, committed 832K, reserved 1048576K

Heap Regions: E=young(eden), S=young(survivor), O=old, HS=humongous(starts), HC=humongous(continues), CS=collection set, F=free, OA=open archive, CA=closed archive, TAMS=top-at-mark-start (previous, next)
|   0|0x0000000702c00000, 0x0000000702e00000, 0x0000000702e00000|100%|HS|  |TAMS 0x0000000702c00000, 0x0000000702c00000| Complete 
|   1|0x0000000702e00000, 0x0000000703000000, 0x0000000703000000|100%|HC|  |TAMS 0x0000000702e00000, 0x0000000702e00000| Complete 
|   2|0x0000000703000000, 0x0000000703200000, 0x0000000703200000|100%|HC|  |TAMS 0x0000000703000000, 0x0000000703000000| Complete 
|   3|0x0000000703200000, 0x0000000703200000, 0x0000000703400000|  0%| F|  |TAMS 0x0000000703200000, 0x0000000703200000| Untracked 
|   4|0x0000000703400000, 0x0000000703400000, 0x0000000703600000|  0%| F|  |TAMS 0x0000000703400000, 0x0000000703400000| Untracked 
|   5|0x0000000703600000, 0x0000000703600000, 0x0000000703800000|  0%| F|  |TAMS 0x0000000703600000, 0x0000000703600000| Untracked 
|   6|0x0000000703800000, 0x0000000703800000, 0x0000000703a00000|  0%| F|  |TAMS 0x0000000703800000, 0x0000000703800000| Untracked 
|   7|0x0000000703a00000, 0x0000000703a00000, 0x0000000703c00000|  0%| F|  |TAMS 0x0000000703a00000, 0x0000000703a00000| Untracked 
|   8|0x0000000703c00000, 0x0000000703c00000, 0x0000000703e00000|  0%| F|  |TAMS 0x0000000703c00000, 0x0000000703c00000| Untracked 
|   9|0x0000000703e00000, 0x0000000703e00000, 0x0000000704000000|  0%| F|  |TAMS 0x0000000703e00000, 0x0000000703e00000| Untracked 
|  10|0x0000000704000000, 0x0000000704000000, 0x0000000704200000|  0%| F|  |TAMS 0x0000000704000000, 0x0000000704000000| Untracked 
|  11|0x0000000704200000, 0x0000000704200000, 0x0000000704400000|  0%| F|  |TAMS 0x0000000704200000, 0x0000000704200000| Untracked 
|  12|0x0000000704400000, 0x0000000704400000, 0x0000000704600000|  0%| F|  |TAMS 0x0000000704400000, 0x0000000704400000| Untracked 
|  13|0x0000000704600000, 0x0000000704600000, 0x0000000704800000|  0%| F|  |TAMS 0x0000000704600000, 0x0000000704600000| Untracked 
|  14|0x0000000704800000, 0x0000000704800000, 0x0000000704a00000|  0%| F|  |TAMS 0x0000000704800000, 0x0000000704800000| Untracked 
|  15|0x0000000704a00000, 0x0000000704a00000, 0x0000000704c00000|  0%| F|  |TAMS 0x0000000704a00000, 0x0000000704a00000| Untracked 
|  16|0x0000000704c00000, 0x0000000704c00000, 0x0000000704e00000|  0%| F|  |TAMS 0x0000000704c00000, 0x0000000704c00000| Untracked 
|  17|0x0000000704e00000, 0x0000000704e00000, 0x0000000705000000|  0%| F|  |TAMS 0x0000000704e00000, 0x0000000704e00000| Untracked 
|  18|0x0000000705000000, 0x0000000705000000, 0x0000000705200000|  0%| F|  |TAMS 0x0000000705000000, 0x0000000705000000| Untracked 
|  19|0x0000000705200000, 0x0000000705200000, 0x0000000705400000|  0%| F|  |TAMS 0x0000000705200000, 0x0000000705200000| Untracked 
|  20|0x0000000705400000, 0x0000000705400000, 0x0000000705600000|  0%| F|  |TAMS 0x0000000705400000, 0x0000000705400000| Untracked 
|  21|0x0000000705600000, 0x0000000705600000, 0x0000000705800000|  0%| F|  |TAMS 0x0000000705600000, 0x0000000705600000| Untracked 
|  22|0x0000000705800000, 0x0000000705800000, 0x0000000705a00000|  0%| F|  |TAMS 0x0000000705800000, 0x0000000705800000| Untracked 
|  23|0x0000000705a00000, 0x0000000705a00000, 0x0000000705c00000|  0%| F|  |TAMS 0x0000000705a00000, 0x0000000705a00000| Untracked 
|  24|0x0000000705c00000, 0x0000000705c00000, 0x0000000705e00000|  0%| F|  |TAMS 0x0000000705c00000, 0x0000000705c00000| Untracked 
|  25|0x0000000705e00000, 0x0000000705e00000, 0x0000000706000000|  0%| F|  |TAMS 0x0000000705e00000, 0x0000000705e00000| Untracked 
|  26|0x0000000706000000, 0x0000000706000000, 0x0000000706200000|  0%| F|  |TAMS 0x0000000706000000, 0x0000000706000000| Untracked 
|  27|0x0000000706200000, 0x0000000706200000, 0x0000000706400000|  0%| F|  |TAMS 0x0000000706200000, 0x0000000706200000| Untracked 
|  28|0x0000000706400000, 0x0000000706400000, 0x0000000706600000|  0%| F|  |TAMS 0x0000000706400000, 0x0000000706400000| Untracked 
|  29|0x0000000706600000, 0x0000000706600000, 0x0000000706800000|  0%| F|  |TAMS 0x0000000706600000, 0x0000000706600000| Untracked 
|  30|0x0000000706800000, 0x0000000706800000, 0x0000000706a00000|  0%| F|  |TAMS 0x0000000706800000, 0x0000000706800000| Untracked 
|  31|0x0000000706a00000, 0x0000000706a00000, 0x0000000706c00000|  0%| F|  |TAMS 0x0000000706a00000, 0x0000000706a00000| Untracked 
|  32|0x0000000706c00000, 0x0000000706c00000, 0x0000000706e00000|  0%| F|  |TAMS 0x0000000706c00000, 0x0000000706c00000| Untracked 
|  33|0x0000000706e00000, 0x0000000706e00000, 0x0000000707000000|  0%| F|  |TAMS 0x0000000706e00000, 0x0000000706e00000| Untracked 
|  34|0x0000000707000000, 0x0000000707000000, 0x0000000707200000|  0%| F|  |TAMS 0x0000000707000000, 0x0000000707000000| Untracked 
|  35|0x0000000707200000, 0x0000000707200000, 0x0000000707400000|  0%| F|  |TAMS 0x0000000707200000, 0x0000000707200000| Untracked 
|  36|0x0000000707400000, 0x0000000707400000, 0x0000000707600000|  0%| F|  |TAMS 0x0000000707400000, 0x0000000707400000| Untracked 
|  37|0x0000000707600000, 0x0000000707600000, 0x0000000707800000|  0%| F|  |TAMS 0x0000000707600000, 0x0000000707600000| Untracked 
|  38|0x0000000707800000, 0x0000000707800000, 0x0000000707a00000|  0%| F|  |TAMS 0x0000000707800000, 0x0000000707800000| Untracked 
|  39|0x0000000707a00000, 0x0000000707a00000, 0x0000000707c00000|  0%| F|  |TAMS 0x0000000707a00000, 0x0000000707a00000| Untracked 
|  40|0x0000000707c00000, 0x0000000707c00000, 0x0000000707e00000|  0%| F|  |TAMS 0x0000000707c00000, 0x0000000707c00000| Untracked 
|  41|0x0000000707e00000, 0x0000000707e00000, 0x0000000708000000|  0%| F|  |TAMS 0x0000000707e00000, 0x0000000707e00000| Untracked 
|  42|0x0000000708000000, 0x0000000708000000, 0x0000000708200000|  0%| F|  |TAMS 0x0000000708000000, 0x0000000708000000| Untracked 
|  43|0x0000000708200000, 0x0000000708200000, 0x0000000708400000|  0%| F|  |TAMS 0x0000000708200000, 0x0000000708200000| Untracked 
|  44|0x0000000708400000, 0x0000000708400000, 0x0000000708600000|  0%| F|  |TAMS 0x0000000708400000, 0x0000000708400000| Untracked 
|  45|0x0000000708600000, 0x0000000708600000, 0x0000000708800000|  0%| F|  |TAMS 0x0000000708600000, 0x0000000708600000| Untracked 
|  46|0x0000000708800000, 0x0000000708800000, 0x0000000708a00000|  0%| F|  |TAMS 0x0000000708800000, 0x0000000708800000| Untracked 
|  47|0x0000000708a00000, 0x0000000708a00000, 0x0000000708c00000|  0%| F|  |TAMS 0x0000000708a00000, 0x0000000708a00000| Untracked 
|  48|0x0000000708c00000, 0x0000000708c00000, 0x0000000708e00000|  0%| F|  |TAMS 0x0000000708c00000, 0x0000000708c00000| Untracked 
|  49|0x0000000708e00000, 0x0000000708e00000, 0x0000000709000000|  0%| F|  |TAMS 0x0000000708e00000, 0x0000000708e00000| Untracked 
|  50|0x0000000709000000, 0x0000000709000000, 0x0000000709200000|  0%| F|  |TAMS 0x0000000709000000, 0x0000000709000000| Untracked 
|  51|0x0000000709200000, 0x0000000709200000, 0x0000000709400000|  0%| F|  |TAMS 0x0000000709200000, 0x0000000709200000| Untracked 
|  52|0x0000000709400000, 0x0000000709400000, 0x0000000709600000|  0%| F|  |TAMS 0x0000000709400000, 0x0000000709400000| Untracked 
|  53|0x0000000709600000, 0x0000000709600000, 0x0000000709800000|  0%| F|  |TAMS 0x0000000709600000, 0x0000000709600000| Untracked 
|  54|0x0000000709800000, 0x0000000709800000, 0x0000000709a00000|  0%| F|  |TAMS 0x0000000709800000, 0x0000000709800000| Untracked 
|  55|0x0000000709a00000, 0x0000000709a00000, 0x0000000709c00000|  0%| F|  |TAMS 0x0000000709a00000, 0x0000000709a00000| Untracked 
|  56|0x0000000709c00000, 0x0000000709c00000, 0x0000000709e00000|  0%| F|  |TAMS 0x0000000709c00000, 0x0000000709c00000| Untracked 
|  57|0x0000000709e00000, 0x0000000709e00000, 0x000000070a000000|  0%| F|  |TAMS 0x0000000709e00000, 0x0000000709e00000| Untracked 
|  58|0x000000070a000000, 0x000000070a000000, 0x000000070a200000|  0%| F|  |TAMS 0x000000070a000000, 0x000000070a000000| Untracked 
|  59|0x000000070a200000, 0x000000070a200000, 0x000000070a400000|  0%| F|  |TAMS 0x000000070a200000, 0x000000070a200000| Untracked 
|  60|0x000000070a400000, 0x000000070a400000, 0x000000070a600000|  0%| F|  |TAMS 0x000000070a400000, 0x000000070a400000| Untracked 
|  61|0x000000070a600000, 0x000000070a600000, 0x000000070a800000|  0%| F|  |TAMS 0x000000070a600000, 0x000000070a600000| Untracked 
|  62|0x000000070a800000, 0x000000070a800000, 0x000000070aa00000|  0%| F|  |TAMS 0x000000070a800000, 0x000000070a800000| Untracked 
|  63|0x000000070aa00000, 0x000000070aa00000, 0x000000070ac00000|  0%| F|  |TAMS 0x000000070aa00000, 0x000000070aa00000| Untracked 
|  64|0x000000070ac00000, 0x000000070ac00000, 0x000000070ae00000|  0%| F|  |TAMS 0x000000070ac00000, 0x000000070ac00000| Untracked 
|  65|0x000000070ae00000, 0x000000070ae00000, 0x000000070b000000|  0%| F|  |TAMS 0x000000070ae00000, 0x000000070ae00000| Untracked 
|  66|0x000000070b000000, 0x000000070b000000, 0x000000070b200000|  0%| F|  |TAMS 0x000000070b000000, 0x000000070b000000| Untracked 
|  67|0x000000070b200000, 0x000000070b200000, 0x000000070b400000|  0%| F|  |TAMS 0x000000070b200000, 0x000000070b200000| Untracked 
|  68|0x000000070b400000, 0x000000070b400000, 0x000000070b600000|  0%| F|  |TAMS 0x000000070b400000, 0x000000070b400000| Untracked 
|  69|0x000000070b600000, 0x000000070b600000, 0x000000070b800000|  0%| F|  |TAMS 0x000000070b600000, 0x000000070b600000| Untracked 
|  70|0x000000070b800000, 0x000000070b800000, 0x000000070ba00000|  0%| F|  |TAMS 0x000000070b800000, 0x000000070b800000| Untracked 
|  71|0x000000070ba00000, 0x000000070ba00000, 0x000000070bc00000|  0%| F|  |TAMS 0x000000070ba00000, 0x000000070ba00000| Untracked 
|  72|0x000000070bc00000, 0x000000070bc00000, 0x000000070be00000|  0%| F|  |TAMS 0x000000070bc00000, 0x000000070bc00000| Untracked 
|  73|0x000000070be00000, 0x000000070be00000, 0x000000070c000000|  0%| F|  |TAMS 0x000000070be00000, 0x000000070be00000| Untracked 
|  74|0x000000070c000000, 0x000000070c000000, 0x000000070c200000|  0%| F|  |TAMS 0x000000070c000000, 0x000000070c000000| Untracked 
|  75|0x000000070c200000, 0x000000070c200000, 0x000000070c400000|  0%| F|  |TAMS 0x000000070c200000, 0x000000070c200000| Untracked 
|  76|0x000000070c400000, 0x000000070c400000, 0x000000070c600000|  0%| F|  |TAMS 0x000000070c400000, 0x000000070c400000| Untracked 
|  77|0x000000070c600000, 0x000000070c600000, 0x000000070c800000|  0%| F|  |TAMS 0x000000070c600000, 0x000000070c600000| Untracked 
|  78|0x000000070c800000, 0x000000070c800000, 0x000000070ca00000|  0%| F|  |TAMS 0x000000070c800000, 0x000000070c800000| Untracked 
|  79|0x000000070ca00000, 0x000000070ca00000, 0x000000070cc00000|  0%| F|  |TAMS 0x000000070ca00000, 0x000000070ca00000| Untracked 
|  80|0x000000070cc00000, 0x000000070cc00000, 0x000000070ce00000|  0%| F|  |TAMS 0x000000070cc00000, 0x000000070cc00000| Untracked 
|  81|0x000000070ce00000, 0x000000070ce00000, 0x000000070d000000|  0%| F|  |TAMS 0x000000070ce00000, 0x000000070ce00000| Untracked 
|  82|0x000000070d000000, 0x000000070d000000, 0x000000070d200000|  0%| F|  |TAMS 0x000000070d000000, 0x000000070d000000| Untracked 
|  83|0x000000070d200000, 0x000000070d200000, 0x000000070d400000|  0%| F|  |TAMS 0x000000070d200000, 0x000000070d200000| Untracked 
|  84|0x000000070d400000, 0x000000070d400000, 0x000000070d600000|  0%| F|  |TAMS 0x000000070d400000, 0x000000070d400000| Untracked 
|  85|0x000000070d600000, 0x000000070d600000, 0x000000070d800000|  0%| F|  |TAMS 0x000000070d600000, 0x000000070d600000| Untracked 
|  86|0x000000070d800000, 0x000000070d800000, 0x000000070da00000|  0%| F|  |TAMS 0x000000070d800000, 0x000000070d800000| Untracked 
|  87|0x000000070da00000, 0x000000070da00000, 0x000000070dc00000|  0%| F|  |TAMS 0x000000070da00000, 0x000000070da00000| Untracked 
|  88|0x000000070dc00000, 0x000000070dc00000, 0x000000070de00000|  0%| F|  |TAMS 0x000000070dc00000, 0x000000070dc00000| Untracked 
|  89|0x000000070de00000, 0x000000070de00000, 0x000000070e000000|  0%| F|  |TAMS 0x000000070de00000, 0x000000070de00000| Untracked 
|  90|0x000000070e000000, 0x000000070e000000, 0x000000070e200000|  0%| F|  |TAMS 0x000000070e000000, 0x000000070e000000| Untracked 
|  91|0x000000070e200000, 0x000000070e200000, 0x000000070e400000|  0%| F|  |TAMS 0x000000070e200000, 0x000000070e200000| Untracked 
|  92|0x000000070e400000, 0x000000070e400000, 0x000000070e600000|  0%| F|  |TAMS 0x000000070e400000, 0x000000070e400000| Untracked 
|  93|0x000000070e600000, 0x000000070e600000, 0x000000070e800000|  0%| F|  |TAMS 0x000000070e600000, 0x000000070e600000| Untracked 
|  94|0x000000070e800000, 0x000000070e800000, 0x000000070ea00000|  0%| F|  |TAMS 0x000000070e800000, 0x000000070e800000| Untracked 
|  95|0x000000070ea00000, 0x000000070ea00000, 0x000000070ec00000|  0%| F|  |TAMS 0x000000070ea00000, 0x000000070ea00000| Untracked 
|  96|0x000000070ec00000, 0x000000070ec00000, 0x000000070ee00000|  0%| F|  |TAMS 0x000000070ec00000, 0x000000070ec00000| Untracked 
|  97|0x000000070ee00000, 0x000000070ee00000, 0x000000070f000000|  0%| F|  |TAMS 0x000000070ee00000, 0x000000070ee00000| Untracked 
|  98|0x000000070f000000, 0x000000070f000000, 0x000000070f200000|  0%| F|  |TAMS 0x000000070f000000, 0x000000070f000000| Untracked 
|  99|0x000000070f200000, 0x000000070f200000, 0x000000070f400000|  0%| F|  |TAMS 0x000000070f200000, 0x000000070f200000| Untracked 
| 100|0x000000070f400000, 0x000000070f400000, 0x000000070f600000|  0%| F|  |TAMS 0x000000070f400000, 0x000000070f400000| Untracked 
| 101|0x000000070f600000, 0x000000070f600000, 0x000000070f800000|  0%| F|  |TAMS 0x000000070f600000, 0x000000070f600000| Untracked 
| 102|0x000000070f800000, 0x000000070f800000, 0x000000070fa00000|  0%| F|  |TAMS 0x000000070f800000, 0x000000070f800000| Untracked 
| 103|0x000000070fa00000, 0x000000070fa00000, 0x000000070fc00000|  0%| F|  |TAMS 0x000000070fa00000, 0x000000070fa00000| Untracked 
| 104|0x000000070fc00000, 0x000000070fc00000, 0x000000070fe00000|  0%| F|  |TAMS 0x000000070fc00000, 0x000000070fc00000| Untracked 
| 105|0x000000070fe00000, 0x000000070fe00000, 0x0000000710000000|  0%| F|  |TAMS 0x000000070fe00000, 0x000000070fe00000| Untracked 
| 106|0x0000000710000000, 0x0000000710000000, 0x0000000710200000|  0%| F|  |TAMS 0x0000000710000000, 0x0000000710000000| Untracked 
| 107|0x0000000710200000, 0x0000000710200000, 0x0000000710400000|  0%| F|  |TAMS 0x0000000710200000, 0x0000000710200000| Untracked 
| 108|0x0000000710400000, 0x0000000710400000, 0x0000000710600000|  0%| F|  |TAMS 0x0000000710400000, 0x0000000710400000| Untracked 
| 109|0x0000000710600000, 0x0000000710600000, 0x0000000710800000|  0%| F|  |TAMS 0x0000000710600000, 0x0000000710600000| Untracked 
| 110|0x0000000710800000, 0x0000000710800000, 0x0000000710a00000|  0%| F|  |TAMS 0x0000000710800000, 0x0000000710800000| Untracked 
| 111|0x0000000710a00000, 0x0000000710a00000, 0x0000000710c00000|  0%| F|  |TAMS 0x0000000710a00000, 0x0000000710a00000| Untracked 
| 112|0x0000000710c00000, 0x0000000710c00000, 0x0000000710e00000|  0%| F|  |TAMS 0x0000000710c00000, 0x0000000710c00000| Untracked 
| 113|0x0000000710e00000, 0x0000000710e00000, 0x0000000711000000|  0%| F|  |TAMS 0x0000000710e00000, 0x0000000710e00000| Untracked 
| 114|0x0000000711000000, 0x0000000711000000, 0x0000000711200000|  0%| F|  |TAMS 0x0000000711000000, 0x0000000711000000| Untracked 
| 115|0x0000000711200000, 0x0000000711200000, 0x0000000711400000|  0%| F|  |TAMS 0x0000000711200000, 0x0000000711200000| Untracked 
| 116|0x0000000711400000, 0x0000000711400000, 0x0000000711600000|  0%| F|  |TAMS 0x0000000711400000, 0x0000000711400000| Untracked 
| 117|0x0000000711600000, 0x0000000711600000, 0x0000000711800000|  0%| F|  |TAMS 0x0000000711600000, 0x0000000711600000| Untracked 
| 118|0x0000000711800000, 0x0000000711800000, 0x0000000711a00000|  0%| F|  |TAMS 0x0000000711800000, 0x0000000711800000| Untracked 
| 119|0x0000000711a00000, 0x0000000711a00000, 0x0000000711c00000|  0%| F|  |TAMS 0x0000000711a00000, 0x0000000711a00000| Untracked 
| 120|0x0000000711c00000, 0x0000000711c00000, 0x0000000711e00000|  0%| F|  |TAMS 0x0000000711c00000, 0x0000000711c00000| Untracked 
| 121|0x0000000711e00000, 0x0000000711e00000, 0x0000000712000000|  0%| F|  |TAMS 0x0000000711e00000, 0x0000000711e00000| Untracked 
| 122|0x0000000712000000, 0x0000000712000000, 0x0000000712200000|  0%| F|  |TAMS 0x0000000712000000, 0x0000000712000000| Untracked 
| 123|0x0000000712200000, 0x00000007123c32b8, 0x0000000712400000| 88%| E|  |TAMS 0x0000000712200000, 0x0000000712200000| Complete 
| 124|0x0000000712400000, 0x0000000712600000, 0x0000000712600000|100%| E|CS|TAMS 0x0000000712400000, 0x0000000712400000| Complete 
| 125|0x0000000712600000, 0x0000000712800000, 0x0000000712800000|100%| E|CS|TAMS 0x0000000712600000, 0x0000000712600000| Complete 
| 126|0x0000000712800000, 0x0000000712a00000, 0x0000000712a00000|100%| E|CS|TAMS 0x0000000712800000, 0x0000000712800000| Complete 

Card table byte_map: [0x0000022763010000,0x0000022763800000] _byte_map_base: 0x000002275f7fa000

Marking Bits (Prev, Next): (CMBitMap*) 0x000002274baad930, (CMBitMap*) 0x000002274baad970
 Prev Bits: [0x0000022763ff0000, 0x0000022767f40000)
 Next Bits: [0x0000022767f40000, 0x000002276be90000)

Polling page: 0x0000022749800000

Metaspace:

Usage:
  Non-class:      5.54 MB used.
      Class:    696.12 KB used.
       Both:      6.22 MB used.

Virtual space:
  Non-class space:        8.00 MB reserved,       5.62 MB ( 70%) committed,  1 nodes.
      Class space:        1.00 GB reserved,     832.00 KB ( <1%) committed,  1 nodes.
             Both:        1.01 GB reserved,       6.44 MB ( <1%) committed. 

Chunk freelists:
   Non-Class:  2.28 MB
       Class:  3.22 MB
        Both:  5.51 MB

MaxMetaspaceSize: unlimited
CompressedClassSpaceSize: 1.00 GB
Initial GC threshold: 21.00 MB
Current GC threshold: 21.00 MB
CDS: on
MetaspaceReclaimPolicy: balanced
 - commit_granule_bytes: 65536.
 - commit_granule_words: 8192.
 - virtual_space_node_default_size: 1048576.
 - enlarge_chunks_in_place: 1.
 - new_chunks_are_fully_committed: 0.
 - uncommit_free_chunks: 1.
 - use_allocation_guard: 0.
 - handle_deallocations: 1.


Internal statistics:

num_allocs_failed_limit: 0.
num_arena_births: 150.
num_arena_deaths: 0.
num_vsnodes_births: 2.
num_vsnodes_deaths: 0.
num_space_committed: 103.
num_space_uncommitted: 0.
num_chunks_returned_to_freelist: 0.
num_chunks_taken_from_freelist: 211.
num_chunk_merges: 0.
num_chunk_splits: 119.
num_chunks_enlarged: 40.
num_purges: 0.
num_inconsistent_stats: 0.

CodeHeap 'non-profiled nmethods': size=120000Kb used=224Kb max_used=224Kb free=119775Kb
 bounds [0x000002275ada0000, 0x000002275b010000, 0x00000227622d0000]
CodeHeap 'profiled nmethods': size=120000Kb used=1087Kb max_used=1087Kb free=118912Kb
 bounds [0x00000227532d0000, 0x0000022753540000, 0x000002275a800000]
CodeHeap 'non-nmethods': size=5760Kb used=1263Kb max_used=1269Kb free=4497Kb
 bounds [0x000002275a800000, 0x000002275aa70000, 0x000002275ada0000]
 total_blobs=1340 nmethods=763 adapters=489
 compilation: enabled
              stopped_count=0, restarted_count=0
 full_count=0

Compilation events (20 events):
Event: 0.315 Thread 0x000002276f408090 nmethod 712 0x000002275add4f90 code [0x000002275add5120, 0x000002275add51f8]
Event: 0.315 Thread 0x000002276f408090  713       1       component.RectUnit::setY (6 bytes)
Event: 0.315 Thread 0x000002276f408090 nmethod 713 0x000002275add5290 code [0x000002275add5420, 0x000002275add54f8]
Event: 0.315 Thread 0x000002276f408090  714       1       component.RectSprite::setLand (6 bytes)
Event: 0.315 Thread 0x000002276f408090 nmethod 714 0x000002275add5590 code [0x000002275add5720, 0x000002275add57f8]
Event: 0.338 Thread 0x000002276f408090  715       1       jdk.internal.math.FloatingDecimal$BinaryToASCIIBuffer::setSign (6 bytes)
Event: 0.338 Thread 0x000002276f408090 nmethod 715 0x000002275add5890 code [0x000002275add5a20, 0x000002275add5af8]
Event: 0.349 Thread 0x000002276f408090  716       3       java.lang.invoke.DirectMethodHandle$Holder::invokeStatic (17 bytes)
Event: 0.349 Thread 0x000002276f408090 nmethod 716 0x00000227533cbd90 code [0x00000227533cbf60, 0x00000227533cc478]
Event: 0.363 Thread 0x000002276f408090  717       3       java.nio.ByteBuffer::arrayOffset (35 bytes)
Event: 0.363 Thread 0x000002276f408090 nmethod 717 0x00000227533cc590 code [0x00000227533cc760, 0x00000227533cc9d8]
Event: 0.383 Thread 0x000002276f408090  718       3       java.lang.invoke.DirectMethodHandle$Holder::invokeStatic (14 bytes)
Event: 0.383 Thread 0x000002276f408090 nmethod 718 0x00000227533ccb10 code [0x00000227533ccce0, 0x00000227533cd138]
Event: 0.383 Thread 0x000002276f408090  719       3       java.lang.String::valueOf (5 bytes)
Event: 0.383 Thread 0x000002276f408090 nmethod 719 0x00000227533cd290 code [0x00000227533cd460, 0x00000227533cd758]
Event: 0.383 Thread 0x000002276f408090  720       3       jdk.internal.math.FloatingDecimal$BinaryToASCIIBuffer::toJavaFormatString (23 bytes)
Event: 0.383 Thread 0x000002276f408090 nmethod 720 0x00000227533cd890 code [0x00000227533cda40, 0x00000227533cdc38]
Event: 0.397 Thread 0x000002276f408090  721       3       jdk.internal.math.FloatingDecimal$BinaryToASCIIBuffer::dtoa (1509 bytes)
Event: 0.397 Thread 0x000002276eb21840  722       4       component.RectUnit::getDiagonalY (12 bytes)
Event: 0.399 Thread 0x000002276f408090 nmethod 721 0x00000227533cdd10 code [0x00000227533ce1a0, 0x00000227533d0a38]

GC Heap History (0 events):
No events

Deoptimization events (12 events):
Event: 0.093 Thread 0x000002274ba43bd0 Uncommon trap: trap_request=0xffffff45 fr.pc=0x000002275adaeb88 relative=0x0000000000000088
Event: 0.093 Thread 0x000002274ba43bd0 Uncommon trap: reason=unstable_if action=reinterpret pc=0x000002275adaeb88 method=java.lang.String.charAt(I)C @ 4 c2
Event: 0.093 Thread 0x000002274ba43bd0 DEOPT PACKING pc=0x000002275adaeb88 sp=0x000000f769ffd030
Event: 0.093 Thread 0x000002274ba43bd0 DEOPT UNPACKING pc=0x000002275a8523a3 sp=0x000000f769ffcfd0 mode 2
Event: 0.133 Thread 0x000002274ba43bd0 Uncommon trap: trap_request=0xffffff45 fr.pc=0x000002275ada94b8 relative=0x00000000000001b8
Event: 0.133 Thread 0x000002274ba43bd0 Uncommon trap: reason=unstable_if action=reinterpret pc=0x000002275ada94b8 method=java.lang.String.isLatin1()Z @ 10 c2
Event: 0.133 Thread 0x000002274ba43bd0 DEOPT PACKING pc=0x000002275ada94b8 sp=0x000000f769ffd9f0
Event: 0.133 Thread 0x000002274ba43bd0 DEOPT UNPACKING pc=0x000002275a8523a3 sp=0x000000f769ffd920 mode 2
Event: 0.220 Thread 0x000002274ba43bd0 DEOPT PACKING pc=0x00000227532fa467 sp=0x000000f769ffcbd0
Event: 0.220 Thread 0x000002274ba43bd0 DEOPT UNPACKING pc=0x000002275a852b43 sp=0x000000f769ffbff0 mode 0
Event: 0.248 Thread 0x000002276f7de8b0 DEOPT PACKING pc=0x00000227532f6cd1 sp=0x000000f76b7fdc40
Event: 0.248 Thread 0x000002276f7de8b0 DEOPT UNPACKING pc=0x000002275a852b43 sp=0x000000f76b7fd0b8 mode 0

Classes unloaded (0 events):
No events

Classes redefined (0 events):
No events

Internal exceptions (16 events):
Event: 0.067 Thread 0x000002276f5bb8f0 Exception <a 'java/lang/NoSuchMethodError'{0x0000000712675ac8}: 'java.lang.Object java.lang.invoke.DirectMethodHandle$Holder.invokeStaticInit(java.lang.Object)'> (0x0000000712675ac8) 
thrown [s\open\src\hotspot\share\interpreter\linkResolver.cpp, line 759]
Event: 0.071 Thread 0x000002276f5bb8f0 Exception <a 'java/lang/NoSuchMethodError'{0x0000000712683988}: 'void java.lang.invoke.DirectMethodHandle$Holder.invokeStatic(java.lang.Object, java.lang.Object)'> (0x0000000712683988) 
thrown [s\open\src\hotspot\share\interpreter\linkResolver.cpp, line 759]
Event: 0.077 Thread 0x000002274ba43bd0 Exception <a 'java/lang/ClassNotFoundException'{0x000000071266d7b8}: sun/awt/resources/spi/awtProvider> (0x000000071266d7b8) 
thrown [s\open\src\hotspot\share\classfile\systemDictionary.cpp, line 256]
Event: 0.094 Thread 0x000002274ba43bd0 Exception <a 'java/io/FileNotFoundException'{0x00000007127335a0}> (0x00000007127335a0) 
thrown [s\open\src\hotspot\share\prims\jni.cpp, line 516]
Event: 0.098 Thread 0x000002274ba43bd0 Exception <a 'java/io/FileNotFoundException'{0x0000000712760908}> (0x0000000712760908) 
thrown [s\open\src\hotspot\share\prims\jni.cpp, line 516]
Event: 0.137 Thread 0x000002274ba43bd0 Exception <a 'java/lang/NoSuchMethodError'{0x00000007127e3680}: 'void java.lang.invoke.DirectMethodHandle$Holder.invokeSpecial(java.lang.Object, java.lang.Object, java.lang.Object)'> (0x00000007127e3680) 
thrown [s\open\src\hotspot\share\interpreter\linkResolver.cpp, line 759]
Event: 0.143 Thread 0x000002274ba43bd0 Exception <a 'java/lang/NoSuchMethodError'{0x000000071247eee8}: 'java.lang.Object java.lang.invoke.DirectMethodHandle$Holder.newInvokeSpecial(java.lang.Object, java.lang.Object, java.lang.Object, java.lang.Object, java.lang.Object)'> (0x000000071247eee8) 
thrown [s\open\src\hotspot\share\interpreter\linkResolver.cpp, line 759]
Event: 0.144 Thread 0x000002274ba43bd0 Exception <a 'java/lang/NoSuchMethodError'{0x000000071248a8b0}: 'java.lang.Object java.lang.invoke.DirectMethodHandle$Holder.invokeStatic(java.lang.Object, int, java.lang.Object, java.lang.Object, java.lang.Object, java.lang.Object)'> (0x000000071248a8b0) 
thrown [s\open\src\hotspot\share\interpreter\linkResolver.cpp, line 759]
Event: 0.147 Thread 0x000002274ba43bd0 Exception <a 'java/lang/NoSuchMethodError'{0x00000007124b0070}: 'java.lang.Object java.lang.invoke.DirectMethodHandle$Holder.invokeStatic(java.lang.Object, int, java.lang.Object)'> (0x00000007124b0070) 
thrown [s\open\src\hotspot\share\interpreter\linkResolver.cpp, line 759]
Event: 0.167 Thread 0x000002274ba43bd0 Exception <a 'java/lang/ClassNotFoundException'{0x000000071256b9a8}: com/sun/swing/internal/plaf/metal/resources/spi/metalProvider> (0x000000071256b9a8) 
thrown [s\open\src\hotspot\share\classfile\systemDictionary.cpp, line 256]
Event: 0.168 Thread 0x000002274ba43bd0 Exception <a 'java/lang/ClassNotFoundException'{0x0000000712571248}: com/sun/swing/internal/plaf/basic/resources/spi/basicProvider> (0x0000000712571248) 
thrown [s\open\src\hotspot\share\classfile\systemDictionary.cpp, line 256]
Event: 0.187 Thread 0x000002276f75a990 Exception <a 'java/lang/NoSuchMethodError'{0x000000071240f680}: 'void java.lang.invoke.DirectMethodHandle$Holder.invokeVirtual(java.lang.Object, java.lang.Object)'> (0x000000071240f680) 
thrown [s\open\src\hotspot\share\interpreter\linkResolver.cpp, line 759]
Event: 0.199 Thread 0x000002274ba43bd0 Exception <a 'java/lang/NoSuchMethodError'{0x00000007125bf9a8}: 'void java.lang.invoke.DirectMethodHandle$Holder.invokeStaticInit(java.lang.Object)'> (0x00000007125bf9a8) 
thrown [s\open\src\hotspot\share\interpreter\linkResolver.cpp, line 759]
Event: 0.207 Thread 0x000002274ba43bd0 Exception <a 'java/io/FileNotFoundException'{0x0000000712207f20}> (0x0000000712207f20) 
thrown [s\open\src\hotspot\share\prims\jni.cpp, line 516]
Event: 0.241 Thread 0x000002276f7de8b0 Exception <a 'java/lang/NoSuchMethodError'{0x0000000712279a98}: 'java.lang.Object java.lang.invoke.DirectMethodHandle$Holder.invokeSpecial(java.lang.Object, java.lang.Object, double, double)'> (0x0000000712279a98) 
thrown [s\open\src\hotspot\share\interpreter\linkResolver.cpp, line 759]
Event: 0.249 Thread 0x000002276f7de8b0 Exception <a 'java/lang/NoSuchMethodError'{0x00000007122daf50}: 'java.lang.Object java.lang.invoke.DelegatingMethodHandle$Holder.reinvoke_L(java.lang.Object, java.lang.Object, java.lang.Object, java.lang.Object, int, java.lang.Object)'> (0x00000007122daf50) 
thrown [s\open\src\hotspot\share\interpreter\linkResolver.cpp, line 759]

VM Operations (10 events):
Event: 0.042 Executing VM operation: HandshakeAllThreads
Event: 0.043 Executing VM operation: HandshakeAllThreads done
Event: 0.066 Executing VM operation: HandshakeAllThreads
Event: 0.066 Executing VM operation: HandshakeAllThreads done
Event: 0.102 Executing VM operation: HandshakeAllThreads
Event: 0.102 Executing VM operation: HandshakeAllThreads done
Event: 0.216 Executing VM operation: HandshakeAllThreads
Event: 0.216 Executing VM operation: HandshakeAllThreads done
Event: 0.239 Executing VM operation: HandshakeAllThreads
Event: 0.239 Executing VM operation: HandshakeAllThreads done

Events (20 events):
Event: 0.253 loading class java/awt/im/spi/InputMethodContext done
Event: 0.253 loading class sun/awt/im/InputContext
Event: 0.254 loading class sun/awt/im/InputContext done
Event: 0.254 loading class sun/awt/im/InputMethodContext done
Event: 0.254 loading class sun/awt/windows/WInputMethod
Event: 0.254 loading class sun/awt/im/InputMethodAdapter
Event: 0.254 loading class java/awt/im/spi/InputMethod
Event: 0.254 loading class java/awt/im/spi/InputMethod done
Event: 0.254 loading class sun/awt/im/InputMethodAdapter done
Event: 0.254 loading class sun/awt/windows/WInputMethod done
Event: 0.398 loading class sun/awt/im/CompositionAreaHandler
Event: 0.398 loading class sun/awt/im/CompositionAreaHandler done
Event: 0.398 loading class java/text/AttributedString
Event: 0.398 loading class java/text/AttributedString done
Event: 0.398 loading class java/text/AttributedString$AttributedStringIterator
Event: 0.398 loading class java/text/AttributedCharacterIterator
Event: 0.398 loading class java/text/CharacterIterator
Event: 0.398 loading class java/text/CharacterIterator done
Event: 0.398 loading class java/text/AttributedCharacterIterator done
Event: 0.398 loading class java/text/AttributedString$AttributedStringIterator done


Dynamic libraries:
0x00007ff72d210000 - 0x00007ff72d220000 	E:\Java\bin\java.exe
0x00007ff888010000 - 0x00007ff888208000 	C:\Windows\SYSTEM32\ntdll.dll
0x00007ff887570000 - 0x00007ff88762d000 	C:\Windows\System32\KERNEL32.DLL
0x00007ff8857a0000 - 0x00007ff885a96000 	C:\Windows\System32\KERNELBASE.dll
0x00007ff885ad0000 - 0x00007ff885bd0000 	C:\Windows\System32\ucrtbase.dll
0x00007ff86fc20000 - 0x00007ff86fc38000 	E:\Java\bin\jli.dll
0x00007ff86fc00000 - 0x00007ff86fc1b000 	E:\Java\bin\VCRUNTIME140.dll
0x00007ff8877c0000 - 0x00007ff887870000 	C:\Windows\System32\ADVAPI32.dll
0x00007ff885e80000 - 0x00007ff885f1e000 	C:\Windows\System32\msvcrt.dll
0x00007ff887b30000 - 0x00007ff887bd0000 	C:\Windows\System32\sechost.dll
0x00007ff887630000 - 0x00007ff887753000 	C:\Windows\System32\RPCRT4.dll
0x00007ff885d20000 - 0x00007ff885d47000 	C:\Windows\System32\bcrypt.dll
0x00007ff886700000 - 0x00007ff88689f000 	C:\Windows\System32\USER32.dll
0x00007ff885cf0000 - 0x00007ff885d12000 	C:\Windows\System32\win32u.dll
0x00007ff887b00000 - 0x00007ff887b2b000 	C:\Windows\System32\GDI32.dll
0x00007ff885bd0000 - 0x00007ff885ce7000 	C:\Windows\System32\gdi32full.dll
0x00007ff86e570000 - 0x00007ff86e80a000 	C:\Windows\WinSxS\amd64_microsoft.windows.common-controls_6595b64144ccf1df_6.0.19041.3636_none_60b6a03d71f818d5\COMCTL32.dll
0x00007ff8856b0000 - 0x00007ff88574d000 	C:\Windows\System32\msvcp_win.dll
0x00007ff87f350000 - 0x00007ff87f35a000 	C:\Windows\SYSTEM32\VERSION.dll
0x00007ff887970000 - 0x00007ff8879a2000 	C:\Windows\System32\IMM32.DLL
0x00007ff87f8d0000 - 0x00007ff87f8dc000 	E:\Java\bin\vcruntime140_1.dll
0x00007ff86fb70000 - 0x00007ff86fbfe000 	E:\Java\bin\msvcp140.dll
0x00007ff833050000 - 0x00007ff833c27000 	E:\Java\bin\server\jvm.dll
0x00007ff8879d0000 - 0x00007ff8879d8000 	C:\Windows\System32\PSAPI.DLL
0x00007ff871cb0000 - 0x00007ff871cd7000 	C:\Windows\SYSTEM32\WINMM.dll
0x00007ff882c00000 - 0x00007ff882c09000 	C:\Windows\SYSTEM32\WSOCK32.dll
0x00007ff887bd0000 - 0x00007ff887c3b000 	C:\Windows\System32\WS2_32.dll
0x00007ff885aa0000 - 0x00007ff885ab2000 	C:\Windows\System32\kernel.appcore.dll
0x00007ff87e500000 - 0x00007ff87e50a000 	E:\Java\bin\jimage.dll
0x00007ff871280000 - 0x00007ff871464000 	C:\Windows\SYSTEM32\DBGHELP.DLL
0x00007ff86d490000 - 0x00007ff86d4c4000 	C:\Windows\SYSTEM32\dbgcore.DLL
0x00007ff885450000 - 0x00007ff8854d2000 	C:\Windows\System32\bcryptPrimitives.dll
0x00007ff87e2c0000 - 0x00007ff87e2ce000 	E:\Java\bin\instrument.dll
0x00007ff86f700000 - 0x00007ff86f725000 	E:\Java\bin\java.dll
0x00007ff851300000 - 0x00007ff8513d7000 	E:\Java\bin\jsvml.dll
0x00007ff885f20000 - 0x00007ff88668b000 	C:\Windows\System32\SHELL32.dll
0x00007ff883530000 - 0x00007ff883cce000 	C:\Windows\SYSTEM32\windows.storage.dll
0x00007ff886ad0000 - 0x00007ff886e23000 	C:\Windows\System32\combase.dll
0x00007ff884d80000 - 0x00007ff884dae000 	C:\Windows\SYSTEM32\Wldp.dll
0x00007ff887400000 - 0x00007ff8874cd000 	C:\Windows\System32\OLEAUT32.dll
0x00007ff8872a0000 - 0x00007ff88734d000 	C:\Windows\System32\SHCORE.dll
0x00007ff8868a0000 - 0x00007ff8868f5000 	C:\Windows\System32\shlwapi.dll
0x00007ff885280000 - 0x00007ff8852a3000 	C:\Windows\SYSTEM32\profapi.dll
0x00007ff86dc90000 - 0x00007ff86dca8000 	E:\Java\bin\zip.dll
0x00007ff86dd80000 - 0x00007ff86dd99000 	E:\Java\bin\net.dll
0x00007ff87ceb0000 - 0x00007ff87cfba000 	C:\Windows\SYSTEM32\WINHTTP.dll
0x00007ff884ae0000 - 0x00007ff884b4a000 	C:\Windows\system32\mswsock.dll
0x00007ff86dcb0000 - 0x00007ff86dcc6000 	E:\Java\bin\nio.dll
0x00007ff86dc70000 - 0x00007ff86dc8a000 	E:\IDEA\IntelliJIDEA2021.1.1\bin\breakgen64.dll
0x00007ff838260000 - 0x00007ff8383f1000 	E:\Java\bin\awt.dll
0x00007ff882ca0000 - 0x00007ff882d30000 	C:\Windows\SYSTEM32\apphelp.dll
0x00007ff882de0000 - 0x00007ff882e7e000 	C:\Windows\system32\uxtheme.dll
0x00007ff8879e0000 - 0x00007ff887af5000 	C:\Windows\System32\MSCTF.dll
0x00007ff8869a0000 - 0x00007ff886acb000 	C:\Windows\System32\ole32.dll
0x00007ff883240000 - 0x00007ff88326f000 	C:\Windows\system32\DWMAPI.DLL
0x00007ff858c30000 - 0x00007ff858d55000 	C:\Windows\system32\opengl32.dll
0x00007ff858c00000 - 0x00007ff858c2c000 	C:\Windows\SYSTEM32\GLU32.dll
0x00007ff8566e0000 - 0x00007ff856766000 	E:\Java\bin\freetype.dll
0x00007ff838190000 - 0x00007ff838255000 	E:\Java\bin\fontmanager.dll
0x00007ff8783d0000 - 0x00007ff8784c9000 	C:\Windows\SYSTEM32\textinputframework.dll
0x00007ff882630000 - 0x00007ff88298b000 	C:\Windows\System32\CoreUIComponents.dll
0x00007ff882990000 - 0x00007ff882a82000 	C:\Windows\System32\CoreMessaging.dll
0x00007ff884500000 - 0x00007ff884533000 	C:\Windows\SYSTEM32\ntmarta.dll
0x00007ff881dc0000 - 0x00007ff881f17000 	C:\Windows\SYSTEM32\wintypes.dll
0x00007ff887350000 - 0x00007ff8873f9000 	C:\Windows\System32\clbcatq.dll
0x00007ff84ef10000 - 0x00007ff84f15d000 	C:\Windows\system32\SogouTSF.ime
0x00007ff86be00000 - 0x00007ff86be07000 	C:\Windows\system32\MSIMG32.dll
0x00007ff831e20000 - 0x00007ff832bfc000 	C:\Windows\system32\SogouPY.ime
0x00007ff8854e0000 - 0x00007ff88563e000 	C:\Windows\System32\CRYPT32.dll
0x00007ff86c1b0000 - 0x00007ff86c216000 	C:\Windows\SYSTEM32\OLEACC.dll
0x0000000010000000 - 0x000000001059a000 	C:\Program Files (x86)\SogouInput\13.10.0.8469\Resource.dll
0x00007ff870c40000 - 0x00007ff870cec000 	C:\Windows\SYSTEM32\TextShaping.dll

dbghelp: loaded successfully - version: 4.0.5 - missing functions: none
symbol engine: initialized successfully - sym options: 0x614 - pdb path: .;E:\Java\bin;C:\Windows\SYSTEM32;C:\Windows\WinSxS\amd64_microsoft.windows.common-controls_6595b64144ccf1df_6.0.19041.3636_none_60b6a03d71f818d5;E:\Java\bin\server;E:\IDEA\IntelliJIDEA2021.1.1\bin;C:\Program Files (x86)\SogouInput\13.10.0.8469

VM Arguments:
jvm_args: -javaagent:E:\IDEA\IntelliJIDEA2021.1.1\lib\idea_rt.jar=51878:E:\IDEA\IntelliJIDEA2021.1.1\bin -Dfile.encoding=UTF-8 
java_command: Frame
java_class_path (initial): C:\Users\Administrator\Desktop\project\IDEA\GUITest\out\production\GameFrame
Launcher Type: SUN_STANDARD

[Global flags]
     intx CICompilerCount                          = 4                                         {product} {ergonomic}
     uint ConcGCThreads                            = 3                                         {product} {ergonomic}
     uint G1ConcRefinementThreads                  = 10                                        {product} {ergonomic}
   size_t G1HeapRegionSize                         = 2097152                                   {product} {ergonomic}
    uintx GCDrainStackTargetSize                   = 64                                        {product} {ergonomic}
   size_t InitialHeapSize                          = 266338304                                 {product} {ergonomic}
   size_t MarkStackSize                            = 4194304                                   {product} {ergonomic}
   size_t MaxHeapSize                              = 4248829952                                {product} {ergonomic}
   size_t MaxNewSize                               = 2548039680                                {product} {ergonomic}
   size_t MinHeapDeltaBytes                        = 2097152                                   {product} {ergonomic}
   size_t MinHeapSize                              = 8388608                                   {product} {ergonomic}
    uintx NonNMethodCodeHeapSize                   = 5839372                                {pd product} {ergonomic}
    uintx NonProfiledCodeHeapSize                  = 122909434                              {pd product} {ergonomic}
    uintx ProfiledCodeHeapSize                     = 122909434                              {pd product} {ergonomic}
    uintx ReservedCodeCacheSize                    = 251658240                              {pd product} {ergonomic}
     bool SegmentedCodeCache                       = true                                      {product} {ergonomic}
   size_t SoftMaxHeapSize                          = 4248829952                             {manageable} {ergonomic}
     bool UseCompressedClassPointers               = true                           {product lp64_product} {ergonomic}
     bool UseCompressedOops                        = true                           {product lp64_product} {ergonomic}
     bool UseG1GC                                  = true                                      {product} {ergonomic}
     bool UseLargePagesIndividualAllocation        = false                                  {pd product} {ergonomic}

Logging:
Log output configuration:
 #0: stdout all=warning uptime,level,tags
 #1: stderr all=off uptime,level,tags

Environment Variables:
JAVA_HOME=E:\Java
PATH=E:\Java\bin;C:\Windows\system32;C:\Windows;C:\Windows\System32\Wbem;C:\Windows\System32\WindowsPowerShell\v1.0\;C:\Windows\System32\OpenSSH\;E:\mysql-5.7.24-winx64\bin;E:\apache-maven-3.6.1\bin;C:\Program Files\Git\cmd;C:\Program Files (x86)\NVIDIA Corporation\PhysX\Common;C:\Program Files\NVIDIA Corporation\NVIDIA NvDLISR;C:\Program Files\Cloudflare\Cloudflare WARP\;C:\Program Files\Microsoft Visual Studio\2022\Community\VC\Tools\MSVC\14.37.32822\bin\Hostx64\x64;C:\Users\Administrator\Desktop\Application\mingw64\bin;C:\Program Files\dotnet\;C:\Program Files\Bandizip\;C:\Users\Administrator\AppData\Local\Programs\Python\Python312\Scripts\;C:\Users\Administrator\AppData\Local\Programs\Python\Python312\;C:\Users\Administrator\AppData\Local\Programs\Python\Launcher\;C:\Users\Administrator\AppData\Local\Microsoft\WindowsApps;
USERNAME=Administrator
OS=Windows_NT
PROCESSOR_IDENTIFIER=Intel64 Family 6 Model 165 Stepping 3, GenuineIntel



---------------  S Y S T E M  ---------------

OS:
 Windows 10 , 64 bit Build 19041 (10.0.19041.3636)
OS uptime: 0 days 5:38 hours

CPU: total 12 (initial active 12) (6 cores per cpu, 2 threads per core) family 6 model 165 stepping 3 microcode 0xca, cx8, cmov, fxsr, ht, mmx, 3dnowpref, sse, sse2, sse3, ssse3, sse4.1, sse4.2, popcnt, lzcnt, tsc, tscinvbit, avx, avx2, aes, erms, clmul, bmi1, bmi2, adx, fma, vzeroupper, clflush, clflushopt

Memory: 4k page, system-wide physical 16202M (9102M free)
TotalPageFile size 19706M (AvailPageFile size 9828M)
current process WorkingSet (physical memory assigned to process): 86M, peak: 86M
current process commit charge ("private bytes"): 381M, peak: 382M

vm_info: Java HotSpot(TM) 64-Bit Server VM (17.0.6+9-LTS-190) for windows-amd64 JRE (17.0.6+9-LTS-190), built on Dec  6 2022 15:53:54 by "mach5one" with MS VC++ 17.1 (VS2022)

END.
